<?xml version="1.0" encoding="UTF-8"?>
<testsuite name="edu.ncsu.csc326.coffeemaker.MainTest" tests="27" skipped="0" failures="27" errors="0" timestamp="2024-08-17T20:56:29" hostname="Mac-Yuriy-Zub.local" time="7.454">
  <properties/>
  <testcase name="testAddInventoryWithZeroValues" classname="edu.ncsu.csc326.coffeemaker.MainTest" time="0.624">
    <failure message="java.lang.StackOverflowError" type="java.lang.StackOverflowError">java.lang.StackOverflowError
	at sun.nio.cs.UTF_8.updatePositions(UTF_8.java:77)
	at sun.nio.cs.UTF_8.access$200(UTF_8.java:57)
	at sun.nio.cs.UTF_8$Decoder.xflow(UTF_8.java:208)
	at sun.nio.cs.UTF_8$Decoder.decodeArrayLoop(UTF_8.java:319)
	at sun.nio.cs.UTF_8$Decoder.decodeLoop(UTF_8.java:412)
	at java.nio.charset.CharsetDecoder.decode(CharsetDecoder.java:579)
	at sun.nio.cs.StreamDecoder.implRead(StreamDecoder.java:318)
	at sun.nio.cs.StreamDecoder.read(StreamDecoder.java:178)
	at java.io.InputStreamReader.read(InputStreamReader.java:184)
	at java.io.BufferedReader.fill(BufferedReader.java:161)
	at java.io.BufferedReader.readLine(BufferedReader.java:324)
	at java.io.BufferedReader.readLine(BufferedReader.java:389)
	at edu.ncsu.csc326.coffeemaker.Main.inputOutput(Main.java:258)
	at edu.ncsu.csc326.coffeemaker.Main.mainMenu(Main.java:34)
	at edu.ncsu.csc326.coffeemaker.Main.mainMenu(Main.java:50)
	at edu.ncsu.csc326.coffeemaker.Main.mainMenu(Main.java:50)
	at edu.ncsu.csc326.coffeemaker.Main.mainMenu(Main.java:50)
	at edu.ncsu.csc326.coffeemaker.Main.mainMenu(Main.java:50)
	at edu.ncsu.csc326.coffeemaker.Main.mainMenu(Main.java:50)
	at edu.ncsu.csc326.coffeemaker.Main.mainMenu(Main.java:50)
	at edu.ncsu.csc326.coffeemaker.Main.mainMenu(Main.java:50)
	at edu.ncsu.csc326.coffeemaker.Main.mainMenu(Main.java:50)
	at edu.ncsu.csc326.coffeemaker.Main.mainMenu(Main.java:50)
	at edu.ncsu.csc326.coffeemaker.Main.mainMenu(Main.java:50)
	at edu.ncsu.csc326.coffeemaker.Main.mainMenu(Main.java:50)
	at edu.ncsu.csc326.coffeemaker.Main.mainMenu(Main.java:50)
	at edu.ncsu.csc326.coffeemaker.Main.mainMenu(Main.java:50)
	at edu.ncsu.csc326.coffeemaker.Main.mainMenu(Main.java:50)
	at edu.ncsu.csc326.coffeemaker.Main.mainMenu(Main.java:50)
	at edu.ncsu.csc326.coffeemaker.Main.mainMenu(Main.java:50)
	at edu.ncsu.csc326.coffeemaker.Main.mainMenu(Main.java:50)
	at edu.ncsu.csc326.coffeemaker.Main.mainMenu(Main.java:50)
	at edu.ncsu.csc326.coffeemaker.Main.mainMenu(Main.java:50)
	at edu.ncsu.csc326.coffeemaker.Main.mainMenu(Main.java:50)
	at edu.ncsu.csc326.coffeemaker.Main.mainMenu(Main.java:50)
	at edu.ncsu.csc326.coffeemaker.Main.mainMenu(Main.java:50)
	at edu.ncsu.csc326.coffeemaker.Main.mainMenu(Main.java:50)
	at edu.ncsu.csc326.coffeemaker.Main.mainMenu(Main.java:50)
	at edu.ncsu.csc326.coffeemaker.Main.mainMenu(Main.java:50)
	at edu.ncsu.csc326.coffeemaker.Main.mainMenu(Main.java:50)
	at edu.ncsu.csc326.coffeemaker.Main.mainMenu(Main.java:50)
	at edu.ncsu.csc326.coffeemaker.Main.mainMenu(Main.java:50)
	at edu.ncsu.csc326.coffeemaker.Main.mainMenu(Main.java:50)
	at edu.ncsu.csc326.coffeemaker.Main.mainMenu(Main.java:50)
	at edu.ncsu.csc326.coffeemaker.Main.mainMenu(Main.java:50)
	at edu.ncsu.csc326.coffeemaker.Main.mainMenu(Main.java:50)
	at edu.ncsu.csc326.coffeemaker.Main.mainMenu(Main.java:50)
	at edu.ncsu.csc326.coffeemaker.Main.mainMenu(Main.java:50)
	at edu.ncsu.csc326.coffeemaker.Main.mainMenu(Main.java:50)
	at edu.ncsu.csc326.coffeemaker.Main.mainMenu(Main.java:50)
	at edu.ncsu.csc326.coffeemaker.Main.mainMenu(Main.java:50)
	at edu.ncsu.csc326.coffeemaker.Main.mainMenu(Main.java:50)
	at edu.ncsu.csc326.coffeemaker.Main.mainMenu(Main.java:50)
	at edu.ncsu.csc326.coffeemaker.Main.mainMenu(Main.java:50)
	at edu.ncsu.csc326.coffeemaker.Main.mainMenu(Main.java:50)
	at edu.ncsu.csc326.coffeemaker.Main.mainMenu(Main.java:50)
	at edu.ncsu.csc326.coffeemaker.Main.mainMenu(Main.java:50)
	at edu.ncsu.csc326.coffeemaker.Main.mainMenu(Main.java:50)
	at edu.ncsu.csc326.coffeemaker.Main.mainMenu(Main.java:50)
	at edu.ncsu.csc326.coffeemaker.Main.mainMenu(Main.java:50)
	at edu.ncsu.csc326.coffeemaker.Main.mainMenu(Main.java:50)
	at edu.ncsu.csc326.coffeemaker.Main.mainMenu(Main.java:50)
	at edu.ncsu.csc326.coffeemaker.Main.mainMenu(Main.java:50)
	at edu.ncsu.csc326.coffeemaker.Main.mainMenu(Main.java:50)
	at edu.ncsu.csc326.coffeemaker.Main.mainMenu(Main.java:50)
	at edu.ncsu.csc326.coffeemaker.Main.mainMenu(Main.java:50)
	at edu.ncsu.csc326.coffeemaker.Main.mainMenu(Main.java:50)
	at edu.ncsu.csc326.coffeemaker.Main.mainMenu(Main.java:50)
	at edu.ncsu.csc326.coffeemaker.Main.mainMenu(Main.java:50)
	at edu.ncsu.csc326.coffeemaker.Main.mainMenu(Main.java:50)
	at edu.ncsu.csc326.coffeemaker.Main.mainMenu(Main.java:50)
	at edu.ncsu.csc326.coffeemaker.Main.mainMenu(Main.java:50)
	at edu.ncsu.csc326.coffeemaker.Main.mainMenu(Main.java:50)
	at edu.ncsu.csc326.coffeemaker.Main.mainMenu(Main.java:50)
	at edu.ncsu.csc326.coffeemaker.Main.mainMenu(Main.java:50)
	at edu.ncsu.csc326.coffeemaker.Main.mainMenu(Main.java:50)
	at edu.ncsu.csc326.coffeemaker.Main.mainMenu(Main.java:50)
	at edu.ncsu.csc326.coffeemaker.Main.mainMenu(Main.java:50)
	at edu.ncsu.csc326.coffeemaker.Main.mainMenu(Main.java:50)
	at edu.ncsu.csc326.coffeemaker.Main.mainMenu(Main.java:50)
	at edu.ncsu.csc326.coffeemaker.Main.mainMenu(Main.java:50)
	at edu.ncsu.csc326.coffeemaker.Main.mainMenu(Main.java:50)
	at edu.ncsu.csc326.coffeemaker.Main.mainMenu(Main.java:50)
	at edu.ncsu.csc326.coffeemaker.Main.mainMenu(Main.java:50)
	at edu.ncsu.csc326.coffeemaker.Main.mainMenu(Main.java:50)
	at edu.ncsu.csc326.coffeemaker.Main.mainMenu(Main.java:50)
	at edu.ncsu.csc326.coffeemaker.Main.mainMenu(Main.java:50)
	at edu.ncsu.csc326.coffeemaker.Main.mainMenu(Main.java:50)
	at edu.ncsu.csc326.coffeemaker.Main.mainMenu(Main.java:50)
	at edu.ncsu.csc326.coffeemaker.Main.mainMenu(Main.java:50)
	at edu.ncsu.csc326.coffeemaker.Main.mainMenu(Main.java:50)
	at edu.ncsu.csc326.coffeemaker.Main.mainMenu(Main.java:50)
	at edu.ncsu.csc326.coffeemaker.Main.mainMenu(Main.java:50)
	at edu.ncsu.csc326.coffeemaker.Main.mainMenu(Main.java:50)
	at edu.ncsu.csc326.coffeemaker.Main.mainMenu(Main.java:50)
	at edu.ncsu.csc326.coffeemaker.Main.mainMenu(Main.java:50)
	at edu.ncsu.csc326.coffeemaker.Main.mainMenu(Main.java:50)
	at edu.ncsu.csc326.coffeemaker.Main.mainMenu(Main.java:50)
	at edu.ncsu.csc326.coffeemaker.Main.mainMenu(Main.java:50)
	at edu.ncsu.csc326.coffeemaker.Main.mainMenu(Main.java:50)
	at edu.ncsu.csc326.coffeemaker.Main.mainMenu(Main.java:50)
	at edu.ncsu.csc326.coffeemaker.Main.mainMenu(Main.java:50)
	at edu.ncsu.csc326.coffeemaker.Main.mainMenu(Main.java:50)
	at edu.ncsu.csc326.coffeemaker.Main.mainMenu(Main.java:50)
	at edu.ncsu.csc326.coffeemaker.Main.mainMenu(Main.java:50)
	at edu.ncsu.csc326.coffeemaker.Main.mainMenu(Main.java:50)
	at edu.ncsu.csc326.coffeemaker.Main.mainMenu(Main.java:50)
	at edu.ncsu.csc326.coffeemaker.Main.mainMenu(Main.java:50)
	at edu.ncsu.csc326.coffeemaker.Main.mainMenu(Main.java:50)
	at edu.ncsu.csc326.coffeemaker.Main.mainMenu(Main.java:50)
	at edu.ncsu.csc326.coffeemaker.Main.mainMenu(Main.java:50)
	at edu.ncsu.csc326.coffeemaker.Main.mainMenu(Main.java:50)
	at edu.ncsu.csc326.coffeemaker.Main.mainMenu(Main.java:50)
	at edu.ncsu.csc326.coffeemaker.Main.mainMenu(Main.java:50)
	at edu.ncsu.csc326.coffeemaker.Main.mainMenu(Main.java:50)
	at edu.ncsu.csc326.coffeemaker.Main.mainMenu(Main.java:50)
	at edu.ncsu.csc326.coffeemaker.Main.mainMenu(Main.java:50)
	at edu.ncsu.csc326.coffeemaker.Main.mainMenu(Main.java:50)
	at edu.ncsu.csc326.coffeemaker.Main.mainMenu(Main.java:50)
	at edu.ncsu.csc326.coffeemaker.Main.mainMenu(Main.java:50)
	at edu.ncsu.csc326.coffeemaker.Main.mainMenu(Main.java:50)
	at edu.ncsu.csc326.coffeemaker.Main.mainMenu(Main.java:50)
	at edu.ncsu.csc326.coffeemaker.Main.mainMenu(Main.java:50)
	at edu.ncsu.csc326.coffeemaker.Main.mainMenu(Main.java:50)
	at edu.ncsu.csc326.coffeemaker.Main.mainMenu(Main.java:50)
	at edu.ncsu.csc326.coffeemaker.Main.mainMenu(Main.java:50)
	at edu.ncsu.csc326.coffeemaker.Main.mainMenu(Main.java:50)
	at edu.ncsu.csc326.coffeemaker.Main.mainMenu(Main.java:50)
	at edu.ncsu.csc326.coffeemaker.Main.mainMenu(Main.java:50)
	at edu.ncsu.csc326.coffeemaker.Main.mainMenu(Main.java:50)
	at edu.ncsu.csc326.coffeemaker.Main.mainMenu(Main.java:50)
	at edu.ncsu.csc326.coffeemaker.Main.mainMenu(Main.java:50)
	at edu.ncsu.csc326.coffeemaker.Main.mainMenu(Main.java:50)
	at edu.ncsu.csc326.coffeemaker.Main.mainMenu(Main.java:50)
	at edu.ncsu.csc326.coffeemaker.Main.mainMenu(Main.java:50)
	at edu.ncsu.csc326.coffeemaker.Main.mainMenu(Main.java:50)
	at edu.ncsu.csc326.coffeemaker.Main.mainMenu(Main.java:50)
	at edu.ncsu.csc326.coffeemaker.Main.mainMenu(Main.java:50)
	at edu.ncsu.csc326.coffeemaker.Main.mainMenu(Main.java:50)
	at edu.ncsu.csc326.coffeemaker.Main.mainMenu(Main.java:50)
	at edu.ncsu.csc326.coffeemaker.Main.mainMenu(Main.java:50)
	at edu.ncsu.csc326.coffeemaker.Main.mainMenu(Main.java:50)
	at edu.ncsu.csc326.coffeemaker.Main.mainMenu(Main.java:50)
	at edu.ncsu.csc326.coffeemaker.Main.mainMenu(Main.java:50)
	at edu.ncsu.csc326.coffeemaker.Main.mainMenu(Main.java:50)
	at edu.ncsu.csc326.coffeemaker.Main.mainMenu(Main.java:50)
	at edu.ncsu.csc326.coffeemaker.Main.mainMenu(Main.java:50)
	at edu.ncsu.csc326.coffeemaker.Main.mainMenu(Main.java:50)
	at edu.ncsu.csc326.coffeemaker.Main.mainMenu(Main.java:50)
	at edu.ncsu.csc326.coffeemaker.Main.mainMenu(Main.java:50)
	at edu.ncsu.csc326.coffeemaker.Main.mainMenu(Main.java:50)
	at edu.ncsu.csc326.coffeemaker.Main.mainMenu(Main.java:50)
	at edu.ncsu.csc326.coffeemaker.Main.mainMenu(Main.java:50)
	at edu.ncsu.csc326.coffeemaker.Main.mainMenu(Main.java:50)
	at edu.ncsu.csc326.coffeemaker.Main.mainMenu(Main.java:50)
	at edu.ncsu.csc326.coffeemaker.Main.mainMenu(Main.java:50)
	at edu.ncsu.csc326.coffeemaker.Main.mainMenu(Main.java:50)
	at edu.ncsu.csc326.coffeemaker.Main.mainMenu(Main.java:50)
	at edu.ncsu.csc326.coffeemaker.Main.mainMenu(Main.java:50)
	at edu.ncsu.csc326.coffeemaker.Main.mainMenu(Main.java:50)
	at edu.ncsu.csc326.coffeemaker.Main.mainMenu(Main.java:50)
	at edu.ncsu.csc326.coffeemaker.Main.mainMenu(Main.java:50)
	at edu.ncsu.csc326.coffeemaker.Main.mainMenu(Main.java:50)
	at edu.ncsu.csc326.coffeemaker.Main.mainMenu(Main.java:50)
	at edu.ncsu.csc326.coffeemaker.Main.mainMenu(Main.java:50)
	at edu.ncsu.csc326.coffeemaker.Main.mainMenu(Main.java:50)
	at edu.ncsu.csc326.coffeemaker.Main.mainMenu(Main.java:50)
	at edu.ncsu.csc326.coffeemaker.Main.mainMenu(Main.java:50)
	at edu.ncsu.csc326.coffeemaker.Main.mainMenu(Main.java:50)
	at edu.ncsu.csc326.coffeemaker.Main.mainMenu(Main.java:50)
	at edu.ncsu.csc326.coffeemaker.Main.mainMenu(Main.java:50)
	at edu.ncsu.csc326.coffeemaker.Main.mainMenu(Main.java:50)
	at edu.ncsu.csc326.coffeemaker.Main.mainMenu(Main.java:50)
	at edu.ncsu.csc326.coffeemaker.Main.mainMenu(Main.java:50)
	at edu.ncsu.csc326.coffeemaker.Main.mainMenu(Main.java:50)
	at edu.ncsu.csc326.coffeemaker.Main.mainMenu(Main.java:50)
	at edu.ncsu.csc326.coffeemaker.Main.mainMenu(Main.java:50)
	at edu.ncsu.csc326.coffeemaker.Main.mainMenu(Main.java:50)
	at edu.ncsu.csc326.coffeemaker.Main.mainMenu(Main.java:50)
	at edu.ncsu.csc326.coffeemaker.Main.mainMenu(Main.java:50)
	at edu.ncsu.csc326.coffeemaker.Main.mainMenu(Main.java:50)
	at edu.ncsu.csc326.coffeemaker.Main.mainMenu(Main.java:50)
	at edu.ncsu.csc326.coffeemaker.Main.mainMenu(Main.java:50)
	at edu.ncsu.csc326.coffeemaker.Main.mainMenu(Main.java:50)
	at edu.ncsu.csc326.coffeemaker.Main.mainMenu(Main.java:50)
	at edu.ncsu.csc326.coffeemaker.Main.mainMenu(Main.java:50)
	at edu.ncsu.csc326.coffeemaker.Main.mainMenu(Main.java:50)
	at edu.ncsu.csc326.coffeemaker.Main.mainMenu(Main.java:50)
	at edu.ncsu.csc326.coffeemaker.Main.mainMenu(Main.java:50)
	at edu.ncsu.csc326.coffeemaker.Main.mainMenu(Main.java:50)
	at edu.ncsu.csc326.coffeemaker.Main.mainMenu(Main.java:50)
	at edu.ncsu.csc326.coffeemaker.Main.mainMenu(Main.java:50)
	at edu.ncsu.csc326.coffeemaker.Main.mainMenu(Main.java:50)
	at edu.ncsu.csc326.coffeemaker.Main.mainMenu(Main.java:50)
	at edu.ncsu.csc326.coffeemaker.Main.mainMenu(Main.java:50)
	at edu.ncsu.csc326.coffeemaker.Main.mainMenu(Main.java:50)
	at edu.ncsu.csc326.coffeemaker.Main.mainMenu(Main.java:50)
	at edu.ncsu.csc326.coffeemaker.Main.mainMenu(Main.java:50)
	at edu.ncsu.csc326.coffeemaker.Main.mainMenu(Main.java:50)
	at edu.ncsu.csc326.coffeemaker.Main.mainMenu(Main.java:50)
	at edu.ncsu.csc326.coffeemaker.Main.mainMenu(Main.java:50)
	at edu.ncsu.csc326.coffeemaker.Main.mainMenu(Main.java:50)
	at edu.ncsu.csc326.coffeemaker.Main.mainMenu(Main.java:50)
	at edu.ncsu.csc326.coffeemaker.Main.mainMenu(Main.java:50)
	at edu.ncsu.csc326.coffeemaker.Main.mainMenu(Main.java:50)
	at edu.ncsu.csc326.coffeemaker.Main.mainMenu(Main.java:50)
	at edu.ncsu.csc326.coffeemaker.Main.mainMenu(Main.java:50)
	at edu.ncsu.csc326.coffeemaker.Main.mainMenu(Main.java:50)
	at edu.ncsu.csc326.coffeemaker.Main.mainMenu(Main.java:50)
	at edu.ncsu.csc326.coffeemaker.Main.mainMenu(Main.java:50)
	at edu.ncsu.csc326.coffeemaker.Main.mainMenu(Main.java:50)
	at edu.ncsu.csc326.coffeemaker.Main.mainMenu(Main.java:50)
	at edu.ncsu.csc326.coffeemaker.Main.mainMenu(Main.java:50)
	at edu.ncsu.csc326.coffeemaker.Main.mainMenu(Main.java:50)
	at edu.ncsu.csc326.coffeemaker.Main.mainMenu(Main.java:50)
	at edu.ncsu.csc326.coffeemaker.Main.mainMenu(Main.java:50)
	at edu.ncsu.csc326.coffeemaker.Main.mainMenu(Main.java:50)
	at edu.ncsu.csc326.coffeemaker.Main.mainMenu(Main.java:50)
	at edu.ncsu.csc326.coffeemaker.Main.mainMenu(Main.java:50)
	at edu.ncsu.csc326.coffeemaker.Main.mainMenu(Main.java:50)
	at edu.ncsu.csc326.coffeemaker.Main.mainMenu(Main.java:50)
	at edu.ncsu.csc326.coffeemaker.Main.mainMenu(Main.java:50)
	at edu.ncsu.csc326.coffeemaker.Main.mainMenu(Main.java:50)
	at edu.ncsu.csc326.coffeemaker.Main.mainMenu(Main.java:50)
	at edu.ncsu.csc326.coffeemaker.Main.mainMenu(Main.java:50)
	at edu.ncsu.csc326.coffeemaker.Main.mainMenu(Main.java:50)
	at edu.ncsu.csc326.coffeemaker.Main.mainMenu(Main.java:50)
	at edu.ncsu.csc326.coffeemaker.Main.mainMenu(Main.java:50)
	at edu.ncsu.csc326.coffeemaker.Main.mainMenu(Main.java:50)
	at edu.ncsu.csc326.coffeemaker.Main.mainMenu(Main.java:50)
	at edu.ncsu.csc326.coffeemaker.Main.mainMenu(Main.java:50)
	at edu.ncsu.csc326.coffeemaker.Main.mainMenu(Main.java:50)
	at edu.ncsu.csc326.coffeemaker.Main.mainMenu(Main.java:50)
	at edu.ncsu.csc326.coffeemaker.Main.mainMenu(Main.java:50)
	at edu.ncsu.csc326.coffeemaker.Main.mainMenu(Main.java:50)
	at edu.ncsu.csc326.coffeemaker.Main.mainMenu(Main.java:50)
	at edu.ncsu.csc326.coffeemaker.Main.mainMenu(Main.java:50)
	at edu.ncsu.csc326.coffeemaker.Main.mainMenu(Main.java:50)
	at edu.ncsu.csc326.coffeemaker.Main.mainMenu(Main.java:50)
	at edu.ncsu.csc326.coffeemaker.Main.mainMenu(Main.java:50)
	at edu.ncsu.csc326.coffeemaker.Main.mainMenu(Main.java:50)
	at edu.ncsu.csc326.coffeemaker.Main.mainMenu(Main.java:50)
	at edu.ncsu.csc326.coffeemaker.Main.mainMenu(Main.java:50)
	at edu.ncsu.csc326.coffeemaker.Main.mainMenu(Main.java:50)
	at edu.ncsu.csc326.coffeemaker.Main.mainMenu(Main.java:50)
	at edu.ncsu.csc326.coffeemaker.Main.mainMenu(Main.java:50)
	at edu.ncsu.csc326.coffeemaker.Main.mainMenu(Main.java:50)
	at edu.ncsu.csc326.coffeemaker.Main.mainMenu(Main.java:50)
	at edu.ncsu.csc326.coffeemaker.Main.mainMenu(Main.java:50)
	at edu.ncsu.csc326.coffeemaker.Main.mainMenu(Main.java:50)
	at edu.ncsu.csc326.coffeemaker.Main.mainMenu(Main.java:50)
	at edu.ncsu.csc326.coffeemaker.Main.mainMenu(Main.java:50)
	at edu.ncsu.csc326.coffeemaker.Main.mainMenu(Main.java:50)
	at edu.ncsu.csc326.coffeemaker.Main.mainMenu(Main.java:50)
	at edu.ncsu.csc326.coffeemaker.Main.mainMenu(Main.java:50)
	at edu.ncsu.csc326.coffeemaker.Main.mainMenu(Main.java:50)
	at edu.ncsu.csc326.coffeemaker.Main.mainMenu(Main.java:50)
	at edu.ncsu.csc326.coffeemaker.Main.mainMenu(Main.java:50)
	at edu.ncsu.csc326.coffeemaker.Main.mainMenu(Main.java:50)
	at edu.ncsu.csc326.coffeemaker.Main.mainMenu(Main.java:50)
	at edu.ncsu.csc326.coffeemaker.Main.mainMenu(Main.java:50)
	at edu.ncsu.csc326.coffeemaker.Main.mainMenu(Main.java:50)
	at edu.ncsu.csc326.coffeemaker.Main.mainMenu(Main.java:50)
	at edu.ncsu.csc326.coffeemaker.Main.mainMenu(Main.java:50)
	at edu.ncsu.csc326.coffeemaker.Main.mainMenu(Main.java:50)
	at edu.ncsu.csc326.coffeemaker.Main.mainMenu(Main.java:50)
	at edu.ncsu.csc326.coffeemaker.Main.mainMenu(Main.java:50)
	at edu.ncsu.csc326.coffeemaker.Main.mainMenu(Main.java:50)
	at edu.ncsu.csc326.coffeemaker.Main.mainMenu(Main.java:50)
	at edu.ncsu.csc326.coffeemaker.Main.mainMenu(Main.java:50)
	at edu.ncsu.csc326.coffeemaker.Main.mainMenu(Main.java:50)
	at edu.ncsu.csc326.coffeemaker.Main.mainMenu(Main.java:50)
	at edu.ncsu.csc326.coffeemaker.Main.mainMenu(Main.java:50)
	at edu.ncsu.csc326.coffeemaker.Main.mainMenu(Main.java:50)
	at edu.ncsu.csc326.coffeemaker.Main.mainMenu(Main.java:50)
	at edu.ncsu.csc326.coffeemaker.Main.mainMenu(Main.java:50)
	at edu.ncsu.csc326.coffeemaker.Main.mainMenu(Main.java:50)
	at edu.ncsu.csc326.coffeemaker.Main.mainMenu(Main.java:50)
	at edu.ncsu.csc326.coffeemaker.Main.mainMenu(Main.java:50)
	at edu.ncsu.csc326.coffeemaker.Main.mainMenu(Main.java:50)
	at edu.ncsu.csc326.coffeemaker.Main.mainMenu(Main.java:50)
	at edu.ncsu.csc326.coffeemaker.Main.mainMenu(Main.java:50)
	at edu.ncsu.csc326.coffeemaker.Main.mainMenu(Main.java:50)
	at edu.ncsu.csc326.coffeemaker.Main.mainMenu(Main.java:50)
	at edu.ncsu.csc326.coffeemaker.Main.mainMenu(Main.java:50)
	at edu.ncsu.csc326.coffeemaker.Main.mainMenu(Main.java:50)
	at edu.ncsu.csc326.coffeemaker.Main.mainMenu(Main.java:50)
	at edu.ncsu.csc326.coffeemaker.Main.mainMenu(Main.java:50)
	at edu.ncsu.csc326.coffeemaker.Main.mainMenu(Main.java:50)
	at edu.ncsu.csc326.coffeemaker.Main.mainMenu(Main.java:50)
	at edu.ncsu.csc326.coffeemaker.Main.mainMenu(Main.java:50)
	at edu.ncsu.csc326.coffeemaker.Main.mainMenu(Main.java:50)
	at edu.ncsu.csc326.coffeemaker.Main.mainMenu(Main.java:50)
	at edu.ncsu.csc326.coffeemaker.Main.mainMenu(Main.java:50)
	at edu.ncsu.csc326.coffeemaker.Main.mainMenu(Main.java:50)
	at edu.ncsu.csc326.coffeemaker.Main.mainMenu(Main.java:50)
	at edu.ncsu.csc326.coffeemaker.Main.mainMenu(Main.java:50)
	at edu.ncsu.csc326.coffeemaker.Main.mainMenu(Main.java:50)
	at edu.ncsu.csc326.coffeemaker.Main.mainMenu(Main.java:50)
	at edu.ncsu.csc326.coffeemaker.Main.mainMenu(Main.java:50)
	at edu.ncsu.csc326.coffeemaker.Main.mainMenu(Main.java:50)
	at edu.ncsu.csc326.coffeemaker.Main.mainMenu(Main.java:50)
	at edu.ncsu.csc326.coffeemaker.Main.mainMenu(Main.java:50)
	at edu.ncsu.csc326.coffeemaker.Main.mainMenu(Main.java:50)
	at edu.ncsu.csc326.coffeemaker.Main.mainMenu(Main.java:50)
	at edu.ncsu.csc326.coffeemaker.Main.mainMenu(Main.java:50)
	at edu.ncsu.csc326.coffeemaker.Main.mainMenu(Main.java:50)
	at edu.ncsu.csc326.coffeemaker.Main.mainMenu(Main.java:50)
	at edu.ncsu.csc326.coffeemaker.Main.mainMenu(Main.java:50)
	at edu.ncsu.csc326.coffeemaker.Main.mainMenu(Main.java:50)
	at edu.ncsu.csc326.coffeemaker.Main.mainMenu(Main.java:50)
	at edu.ncsu.csc326.coffeemaker.Main.mainMenu(Main.java:50)
	at edu.ncsu.csc326.coffeemaker.Main.mainMenu(Main.java:50)
	at edu.ncsu.csc326.coffeemaker.Main.mainMenu(Main.java:50)
	at edu.ncsu.csc326.coffeemaker.Main.mainMenu(Main.java:50)
	at edu.ncsu.csc326.coffeemaker.Main.mainMenu(Main.java:50)
	at edu.ncsu.csc326.coffeemaker.Main.mainMenu(Main.java:50)
	at edu.ncsu.csc326.coffeemaker.Main.mainMenu(Main.java:50)
	at edu.ncsu.csc326.coffeemaker.Main.mainMenu(Main.java:50)
	at edu.ncsu.csc326.coffeemaker.Main.mainMenu(Main.java:50)
	at edu.ncsu.csc326.coffeemaker.Main.mainMenu(Main.java:50)
	at edu.ncsu.csc326.coffeemaker.Main.mainMenu(Main.java:50)
	at edu.ncsu.csc326.coffeemaker.Main.mainMenu(Main.java:50)
	at edu.ncsu.csc326.coffeemaker.Main.mainMenu(Main.java:50)
	at edu.ncsu.csc326.coffeemaker.Main.mainMenu(Main.java:50)
	at edu.ncsu.csc326.coffeemaker.Main.mainMenu(Main.java:50)
	at edu.ncsu.csc326.coffeemaker.Main.mainMenu(Main.java:50)
	at edu.ncsu.csc326.coffeemaker.Main.mainMenu(Main.java:50)
	at edu.ncsu.csc326.coffeemaker.Main.mainMenu(Main.java:50)
	at edu.ncsu.csc326.coffeemaker.Main.mainMenu(Main.java:50)
	at edu.ncsu.csc326.coffeemaker.Main.mainMenu(Main.java:50)
	at edu.ncsu.csc326.coffeemaker.Main.mainMenu(Main.java:50)
	at edu.ncsu.csc326.coffeemaker.Main.mainMenu(Main.java:50)
	at edu.ncsu.csc326.coffeemaker.Main.mainMenu(Main.java:50)
	at edu.ncsu.csc326.coffeemaker.Main.mainMenu(Main.java:50)
	at edu.ncsu.csc326.coffeemaker.Main.mainMenu(Main.java:50)
	at edu.ncsu.csc326.coffeemaker.Main.mainMenu(Main.java:50)
	at edu.ncsu.csc326.coffeemaker.Main.mainMenu(Main.java:50)
	at edu.ncsu.csc326.coffeemaker.Main.mainMenu(Main.java:50)
	at edu.ncsu.csc326.coffeemaker.Main.mainMenu(Main.java:50)
	at edu.ncsu.csc326.coffeemaker.Main.mainMenu(Main.java:50)
	at edu.ncsu.csc326.coffeemaker.Main.mainMenu(Main.java:50)
	at edu.ncsu.csc326.coffeemaker.Main.mainMenu(Main.java:50)
	at edu.ncsu.csc326.coffeemaker.Main.mainMenu(Main.java:50)
	at edu.ncsu.csc326.coffeemaker.Main.mainMenu(Main.java:50)
	at edu.ncsu.csc326.coffeemaker.Main.mainMenu(Main.java:50)
	at edu.ncsu.csc326.coffeemaker.Main.mainMenu(Main.java:50)
	at edu.ncsu.csc326.coffeemaker.Main.mainMenu(Main.java:50)
	at edu.ncsu.csc326.coffeemaker.Main.mainMenu(Main.java:50)
	at edu.ncsu.csc326.coffeemaker.Main.mainMenu(Main.java:50)
	at edu.ncsu.csc326.coffeemaker.Main.mainMenu(Main.java:50)
	at edu.ncsu.csc326.coffeemaker.Main.mainMenu(Main.java:50)
	at edu.ncsu.csc326.coffeemaker.Main.mainMenu(Main.java:50)
	at edu.ncsu.csc326.coffeemaker.Main.mainMenu(Main.java:50)
	at edu.ncsu.csc326.coffeemaker.Main.mainMenu(Main.java:50)
	at edu.ncsu.csc326.coffeemaker.Main.mainMenu(Main.java:50)
	at edu.ncsu.csc326.coffeemaker.Main.mainMenu(Main.java:50)
	at edu.ncsu.csc326.coffeemaker.Main.mainMenu(Main.java:50)
	at edu.ncsu.csc326.coffeemaker.Main.mainMenu(Main.java:50)
	at edu.ncsu.csc326.coffeemaker.Main.mainMenu(Main.java:50)
	at edu.ncsu.csc326.coffeemaker.Main.mainMenu(Main.java:50)
	at edu.ncsu.csc326.coffeemaker.Main.mainMenu(Main.java:50)
	at edu.ncsu.csc326.coffeemaker.Main.mainMenu(Main.java:50)
	at edu.ncsu.csc326.coffeemaker.Main.mainMenu(Main.java:50)
	at edu.ncsu.csc326.coffeemaker.Main.mainMenu(Main.java:50)
	at edu.ncsu.csc326.coffeemaker.Main.mainMenu(Main.java:50)
	at edu.ncsu.csc326.coffeemaker.Main.mainMenu(Main.java:50)
	at edu.ncsu.csc326.coffeemaker.Main.mainMenu(Main.java:50)
	at edu.ncsu.csc326.coffeemaker.Main.mainMenu(Main.java:50)
	at edu.ncsu.csc326.coffeemaker.Main.mainMenu(Main.java:50)
	at edu.ncsu.csc326.coffeemaker.Main.mainMenu(Main.java:50)
	at edu.ncsu.csc326.coffeemaker.Main.mainMenu(Main.java:50)
	at edu.ncsu.csc326.coffeemaker.Main.mainMenu(Main.java:50)
	at edu.ncsu.csc326.coffeemaker.Main.mainMenu(Main.java:50)
	at edu.ncsu.csc326.coffeemaker.Main.mainMenu(Main.java:50)
	at edu.ncsu.csc326.coffeemaker.Main.mainMenu(Main.java:50)
	at edu.ncsu.csc326.coffeemaker.Main.mainMenu(Main.java:50)
	at edu.ncsu.csc326.coffeemaker.Main.mainMenu(Main.java:50)
	at edu.ncsu.csc326.coffeemaker.Main.mainMenu(Main.java:50)
	at edu.ncsu.csc326.coffeemaker.Main.mainMenu(Main.java:50)
	at edu.ncsu.csc326.coffeemaker.Main.mainMenu(Main.java:50)
	at edu.ncsu.csc326.coffeemaker.Main.mainMenu(Main.java:50)
	at edu.ncsu.csc326.coffeemaker.Main.mainMenu(Main.java:50)
	at edu.ncsu.csc326.coffeemaker.Main.mainMenu(Main.java:50)
	at edu.ncsu.csc326.coffeemaker.Main.mainMenu(Main.java:50)
	at edu.ncsu.csc326.coffeemaker.Main.mainMenu(Main.java:50)
	at edu.ncsu.csc326.coffeemaker.Main.mainMenu(Main.java:50)
	at edu.ncsu.csc326.coffeemaker.Main.mainMenu(Main.java:50)
	at edu.ncsu.csc326.coffeemaker.Main.mainMenu(Main.java:50)
	at edu.ncsu.csc326.coffeemaker.Main.mainMenu(Main.java:50)
	at edu.ncsu.csc326.coffeemaker.Main.mainMenu(Main.java:50)
	at edu.ncsu.csc326.coffeemaker.Main.mainMenu(Main.java:50)
	at edu.ncsu.csc326.coffeemaker.Main.mainMenu(Main.java:50)
	at edu.ncsu.csc326.coffeemaker.Main.mainMenu(Main.java:50)
	at edu.ncsu.csc326.coffeemaker.Main.mainMenu(Main.java:50)
	at edu.ncsu.csc326.coffeemaker.Main.mainMenu(Main.java:50)
	at edu.ncsu.csc326.coffeemaker.Main.mainMenu(Main.java:50)
	at edu.ncsu.csc326.coffeemaker.Main.mainMenu(Main.java:50)
	at edu.ncsu.csc326.coffeemaker.Main.mainMenu(Main.java:50)
	at edu.ncsu.csc326.coffeemaker.Main.mainMenu(Main.java:50)
	at edu.ncsu.csc326.coffeemaker.Main.mainMenu(Main.java:50)
	at edu.ncsu.csc326.coffeemaker.Main.mainMenu(Main.java:50)
	at edu.ncsu.csc326.coffeemaker.Main.mainMenu(Main.java:50)
	at edu.ncsu.csc326.coffeemaker.Main.mainMenu(Main.java:50)
	at edu.ncsu.csc326.coffeemaker.Main.mainMenu(Main.java:50)
	at edu.ncsu.csc326.coffeemaker.Main.mainMenu(Main.java:50)
	at edu.ncsu.csc326.coffeemaker.Main.mainMenu(Main.java:50)
	at edu.ncsu.csc326.coffeemaker.Main.mainMenu(Main.java:50)
	at edu.ncsu.csc326.coffeemaker.Main.mainMenu(Main.java:50)
	at edu.ncsu.csc326.coffeemaker.Main.mainMenu(Main.java:50)
	at edu.ncsu.csc326.coffeemaker.Main.mainMenu(Main.java:50)
	at edu.ncsu.csc326.coffeemaker.Main.mainMenu(Main.java:50)
	at edu.ncsu.csc326.coffeemaker.Main.mainMenu(Main.java:50)
	at edu.ncsu.csc326.coffeemaker.Main.mainMenu(Main.java:50)
	at edu.ncsu.csc326.coffeemaker.Main.mainMenu(Main.java:50)
	at edu.ncsu.csc326.coffeemaker.Main.mainMenu(Main.java:50)
	at edu.ncsu.csc326.coffeemaker.Main.mainMenu(Main.java:50)
	at edu.ncsu.csc326.coffeemaker.Main.mainMenu(Main.java:50)
	at edu.ncsu.csc326.coffeemaker.Main.mainMenu(Main.java:50)
	at edu.ncsu.csc326.coffeemaker.Main.mainMenu(Main.java:50)
	at edu.ncsu.csc326.coffeemaker.Main.mainMenu(Main.java:50)
	at edu.ncsu.csc326.coffeemaker.Main.mainMenu(Main.java:50)
	at edu.ncsu.csc326.coffeemaker.Main.mainMenu(Main.java:50)
	at edu.ncsu.csc326.coffeemaker.Main.mainMenu(Main.java:50)
	at edu.ncsu.csc326.coffeemaker.Main.mainMenu(Main.java:50)
	at edu.ncsu.csc326.coffeemaker.Main.mainMenu(Main.java:50)
	at edu.ncsu.csc326.coffeemaker.Main.mainMenu(Main.java:50)
	at edu.ncsu.csc326.coffeemaker.Main.mainMenu(Main.java:50)
	at edu.ncsu.csc326.coffeemaker.Main.mainMenu(Main.java:50)
	at edu.ncsu.csc326.coffeemaker.Main.mainMenu(Main.java:50)
	at edu.ncsu.csc326.coffeemaker.Main.mainMenu(Main.java:50)
	at edu.ncsu.csc326.coffeemaker.Main.mainMenu(Main.java:50)
	at edu.ncsu.csc326.coffeemaker.Main.mainMenu(Main.java:50)
	at edu.ncsu.csc326.coffeemaker.Main.mainMenu(Main.java:50)
	at edu.ncsu.csc326.coffeemaker.Main.mainMenu(Main.java:50)
	at edu.ncsu.csc326.coffeemaker.Main.mainMenu(Main.java:50)
	at edu.ncsu.csc326.coffeemaker.Main.mainMenu(Main.java:50)
	at edu.ncsu.csc326.coffeemaker.Main.mainMenu(Main.java:50)
	at edu.ncsu.csc326.coffeemaker.Main.mainMenu(Main.java:50)
	at edu.ncsu.csc326.coffeemaker.Main.mainMenu(Main.java:50)
	at edu.ncsu.csc326.coffeemaker.Main.mainMenu(Main.java:50)
	at edu.ncsu.csc326.coffeemaker.Main.mainMenu(Main.java:50)
	at edu.ncsu.csc326.coffeemaker.Main.mainMenu(Main.java:50)
	at edu.ncsu.csc326.coffeemaker.Main.mainMenu(Main.java:50)
	at edu.ncsu.csc326.coffeemaker.Main.mainMenu(Main.java:50)
	at edu.ncsu.csc326.coffeemaker.Main.mainMenu(Main.java:50)
	at edu.ncsu.csc326.coffeemaker.Main.mainMenu(Main.java:50)
	at edu.ncsu.csc326.coffeemaker.Main.mainMenu(Main.java:50)
	at edu.ncsu.csc326.coffeemaker.Main.mainMenu(Main.java:50)
	at edu.ncsu.csc326.coffeemaker.Main.mainMenu(Main.java:50)
	at edu.ncsu.csc326.coffeemaker.Main.mainMenu(Main.java:50)
	at edu.ncsu.csc326.coffeemaker.Main.mainMenu(Main.java:50)
	at edu.ncsu.csc326.coffeemaker.Main.mainMenu(Main.java:50)
	at edu.ncsu.csc326.coffeemaker.Main.mainMenu(Main.java:50)
	at edu.ncsu.csc326.coffeemaker.Main.mainMenu(Main.java:50)
	at edu.ncsu.csc326.coffeemaker.Main.mainMenu(Main.java:50)
	at edu.ncsu.csc326.coffeemaker.Main.mainMenu(Main.java:50)
	at edu.ncsu.csc326.coffeemaker.Main.mainMenu(Main.java:50)
	at edu.ncsu.csc326.coffeemaker.Main.mainMenu(Main.java:50)
	at edu.ncsu.csc326.coffeemaker.Main.mainMenu(Main.java:50)
	at edu.ncsu.csc326.coffeemaker.Main.mainMenu(Main.java:50)
	at edu.ncsu.csc326.coffeemaker.Main.mainMenu(Main.java:50)
	at edu.ncsu.csc326.coffeemaker.Main.mainMenu(Main.java:50)
	at edu.ncsu.csc326.coffeemaker.Main.mainMenu(Main.java:50)
	at edu.ncsu.csc326.coffeemaker.Main.mainMenu(Main.java:50)
	at edu.ncsu.csc326.coffeemaker.Main.mainMenu(Main.java:50)
	at edu.ncsu.csc326.coffeemaker.Main.mainMenu(Main.java:50)
	at edu.ncsu.csc326.coffeemaker.Main.mainMenu(Main.java:50)
	at edu.ncsu.csc326.coffeemaker.Main.mainMenu(Main.java:50)
	at edu.ncsu.csc326.coffeemaker.Main.mainMenu(Main.java:50)
	at edu.ncsu.csc326.coffeemaker.Main.mainMenu(Main.java:50)
	at edu.ncsu.csc326.coffeemaker.Main.mainMenu(Main.java:50)
	at edu.ncsu.csc326.coffeemaker.Main.mainMenu(Main.java:50)
	at edu.ncsu.csc326.coffeemaker.Main.mainMenu(Main.java:50)
	at edu.ncsu.csc326.coffeemaker.Main.mainMenu(Main.java:50)
	at edu.ncsu.csc326.coffeemaker.Main.mainMenu(Main.java:50)
	at edu.ncsu.csc326.coffeemaker.Main.mainMenu(Main.java:50)
	at edu.ncsu.csc326.coffeemaker.Main.mainMenu(Main.java:50)
	at edu.ncsu.csc326.coffeemaker.Main.mainMenu(Main.java:50)
	at edu.ncsu.csc326.coffeemaker.Main.mainMenu(Main.java:50)
	at edu.ncsu.csc326.coffeemaker.Main.mainMenu(Main.java:50)
	at edu.ncsu.csc326.coffeemaker.Main.mainMenu(Main.java:50)
	at edu.ncsu.csc326.coffeemaker.Main.mainMenu(Main.java:50)
	at edu.ncsu.csc326.coffeemaker.Main.mainMenu(Main.java:50)
	at edu.ncsu.csc326.coffeemaker.Main.mainMenu(Main.java:50)
	at edu.ncsu.csc326.coffeemaker.Main.mainMenu(Main.java:50)
	at edu.ncsu.csc326.coffeemaker.Main.mainMenu(Main.java:50)
	at edu.ncsu.csc326.coffeemaker.Main.mainMenu(Main.java:50)
	at edu.ncsu.csc326.coffeemaker.Main.mainMenu(Main.java:50)
	at edu.ncsu.csc326.coffeemaker.Main.mainMenu(Main.java:50)
	at edu.ncsu.csc326.coffeemaker.Main.mainMenu(Main.java:50)
	at edu.ncsu.csc326.coffeemaker.Main.mainMenu(Main.java:50)
	at edu.ncsu.csc326.coffeemaker.Main.mainMenu(Main.java:50)
	at edu.ncsu.csc326.coffeemaker.Main.mainMenu(Main.java:50)
	at edu.ncsu.csc326.coffeemaker.Main.mainMenu(Main.java:50)
	at edu.ncsu.csc326.coffeemaker.Main.mainMenu(Main.java:50)
	at edu.ncsu.csc326.coffeemaker.Main.mainMenu(Main.java:50)
	at edu.ncsu.csc326.coffeemaker.Main.mainMenu(Main.java:50)
	at edu.ncsu.csc326.coffeemaker.Main.mainMenu(Main.java:50)
	at edu.ncsu.csc326.coffeemaker.Main.mainMenu(Main.java:50)
	at edu.ncsu.csc326.coffeemaker.Main.mainMenu(Main.java:50)
	at edu.ncsu.csc326.coffeemaker.Main.mainMenu(Main.java:50)
	at edu.ncsu.csc326.coffeemaker.Main.mainMenu(Main.java:50)
	at edu.ncsu.csc326.coffeemaker.Main.mainMenu(Main.java:50)
	at edu.ncsu.csc326.coffeemaker.Main.mainMenu(Main.java:50)
	at edu.ncsu.csc326.coffeemaker.Main.mainMenu(Main.java:50)
	at edu.ncsu.csc326.coffeemaker.Main.mainMenu(Main.java:50)
	at edu.ncsu.csc326.coffeemaker.Main.mainMenu(Main.java:50)
	at edu.ncsu.csc326.coffeemaker.Main.mainMenu(Main.java:50)
	at edu.ncsu.csc326.coffeemaker.Main.mainMenu(Main.java:50)
	at edu.ncsu.csc326.coffeemaker.Main.mainMenu(Main.java:50)
	at edu.ncsu.csc326.coffeemaker.Main.mainMenu(Main.java:50)
	at edu.ncsu.csc326.coffeemaker.Main.mainMenu(Main.java:50)
	at edu.ncsu.csc326.coffeemaker.Main.mainMenu(Main.java:50)
	at edu.ncsu.csc326.coffeemaker.Main.mainMenu(Main.java:50)
	at edu.ncsu.csc326.coffeemaker.Main.mainMenu(Main.java:50)
	at edu.ncsu.csc326.coffeemaker.Main.mainMenu(Main.java:50)
	at edu.ncsu.csc326.coffeemaker.Main.mainMenu(Main.java:50)
	at edu.ncsu.csc326.coffeemaker.Main.mainMenu(Main.java:50)
	at edu.ncsu.csc326.coffeemaker.Main.mainMenu(Main.java:50)
	at edu.ncsu.csc326.coffeemaker.Main.mainMenu(Main.java:50)
	at edu.ncsu.csc326.coffeemaker.Main.mainMenu(Main.java:50)
	at edu.ncsu.csc326.coffeemaker.Main.mainMenu(Main.java:50)
	at edu.ncsu.csc326.coffeemaker.Main.mainMenu(Main.java:50)
	at edu.ncsu.csc326.coffeemaker.Main.mainMenu(Main.java:50)
	at edu.ncsu.csc326.coffeemaker.Main.mainMenu(Main.java:50)
	at edu.ncsu.csc326.coffeemaker.Main.mainMenu(Main.java:50)
	at edu.ncsu.csc326.coffeemaker.Main.mainMenu(Main.java:50)
	at edu.ncsu.csc326.coffeemaker.Main.mainMenu(Main.java:50)
	at edu.ncsu.csc326.coffeemaker.Main.mainMenu(Main.java:50)
	at edu.ncsu.csc326.coffeemaker.Main.mainMenu(Main.java:50)
	at edu.ncsu.csc326.coffeemaker.Main.mainMenu(Main.java:50)
	at edu.ncsu.csc326.coffeemaker.Main.mainMenu(Main.java:50)
	at edu.ncsu.csc326.coffeemaker.Main.mainMenu(Main.java:50)
	at edu.ncsu.csc326.coffeemaker.Main.mainMenu(Main.java:50)
	at edu.ncsu.csc326.coffeemaker.Main.mainMenu(Main.java:50)
	at edu.ncsu.csc326.coffeemaker.Main.mainMenu(Main.java:50)
	at edu.ncsu.csc326.coffeemaker.Main.mainMenu(Main.java:50)
	at edu.ncsu.csc326.coffeemaker.Main.mainMenu(Main.java:50)
	at edu.ncsu.csc326.coffeemaker.Main.mainMenu(Main.java:50)
	at edu.ncsu.csc326.coffeemaker.Main.mainMenu(Main.java:50)
	at edu.ncsu.csc326.coffeemaker.Main.mainMenu(Main.java:50)
	at edu.ncsu.csc326.coffeemaker.Main.mainMenu(Main.java:50)
	at edu.ncsu.csc326.coffeemaker.Main.mainMenu(Main.java:50)
	at edu.ncsu.csc326.coffeemaker.Main.mainMenu(Main.java:50)
	at edu.ncsu.csc326.coffeemaker.Main.mainMenu(Main.java:50)
	at edu.ncsu.csc326.coffeemaker.Main.mainMenu(Main.java:50)
	at edu.ncsu.csc326.coffeemaker.Main.mainMenu(Main.java:50)
	at edu.ncsu.csc326.coffeemaker.Main.mainMenu(Main.java:50)
	at edu.ncsu.csc326.coffeemaker.Main.mainMenu(Main.java:50)
	at edu.ncsu.csc326.coffeemaker.Main.mainMenu(Main.java:50)
	at edu.ncsu.csc326.coffeemaker.Main.mainMenu(Main.java:50)
	at edu.ncsu.csc326.coffeemaker.Main.mainMenu(Main.java:50)
	at edu.ncsu.csc326.coffeemaker.Main.mainMenu(Main.java:50)
	at edu.ncsu.csc326.coffeemaker.Main.mainMenu(Main.java:50)
	at edu.ncsu.csc326.coffeemaker.Main.mainMenu(Main.java:50)
	at edu.ncsu.csc326.coffeemaker.Main.mainMenu(Main.java:50)
	at edu.ncsu.csc326.coffeemaker.Main.mainMenu(Main.java:50)
	at edu.ncsu.csc326.coffeemaker.Main.mainMenu(Main.java:50)
	at edu.ncsu.csc326.coffeemaker.Main.mainMenu(Main.java:50)
	at edu.ncsu.csc326.coffeemaker.Main.mainMenu(Main.java:50)
	at edu.ncsu.csc326.coffeemaker.Main.mainMenu(Main.java:50)
	at edu.ncsu.csc326.coffeemaker.Main.mainMenu(Main.java:50)
	at edu.ncsu.csc326.coffeemaker.Main.mainMenu(Main.java:50)
	at edu.ncsu.csc326.coffeemaker.Main.mainMenu(Main.java:50)
	at edu.ncsu.csc326.coffeemaker.Main.mainMenu(Main.java:50)
	at edu.ncsu.csc326.coffeemaker.Main.mainMenu(Main.java:50)
	at edu.ncsu.csc326.coffeemaker.Main.mainMenu(Main.java:50)
	at edu.ncsu.csc326.coffeemaker.Main.mainMenu(Main.java:50)
	at edu.ncsu.csc326.coffeemaker.Main.mainMenu(Main.java:50)
	at edu.ncsu.csc326.coffeemaker.Main.mainMenu(Main.java:50)
	at edu.ncsu.csc326.coffeemaker.Main.mainMenu(Main.java:50)
	at edu.ncsu.csc326.coffeemaker.Main.mainMenu(Main.java:50)
	at edu.ncsu.csc326.coffeemaker.Main.mainMenu(Main.java:50)
	at edu.ncsu.csc326.coffeemaker.Main.mainMenu(Main.java:50)
	at edu.ncsu.csc326.coffeemaker.Main.mainMenu(Main.java:50)
	at edu.ncsu.csc326.coffeemaker.Main.mainMenu(Main.java:50)
	at edu.ncsu.csc326.coffeemaker.Main.mainMenu(Main.java:50)
	at edu.ncsu.csc326.coffeemaker.Main.mainMenu(Main.java:50)
	at edu.ncsu.csc326.coffeemaker.Main.mainMenu(Main.java:50)
	at edu.ncsu.csc326.coffeemaker.Main.mainMenu(Main.java:50)
	at edu.ncsu.csc326.coffeemaker.Main.mainMenu(Main.java:50)
	at edu.ncsu.csc326.coffeemaker.Main.mainMenu(Main.java:50)
	at edu.ncsu.csc326.coffeemaker.Main.mainMenu(Main.java:50)
	at edu.ncsu.csc326.coffeemaker.Main.mainMenu(Main.java:50)
	at edu.ncsu.csc326.coffeemaker.Main.mainMenu(Main.java:50)
	at edu.ncsu.csc326.coffeemaker.Main.mainMenu(Main.java:50)
	at edu.ncsu.csc326.coffeemaker.Main.mainMenu(Main.java:50)
	at edu.ncsu.csc326.coffeemaker.Main.mainMenu(Main.java:50)
	at edu.ncsu.csc326.coffeemaker.Main.mainMenu(Main.java:50)
	at edu.ncsu.csc326.coffeemaker.Main.mainMenu(Main.java:50)
	at edu.ncsu.csc326.coffeemaker.Main.mainMenu(Main.java:50)
	at edu.ncsu.csc326.coffeemaker.Main.mainMenu(Main.java:50)
	at edu.ncsu.csc326.coffeemaker.Main.mainMenu(Main.java:50)
	at edu.ncsu.csc326.coffeemaker.Main.mainMenu(Main.java:50)
	at edu.ncsu.csc326.coffeemaker.Main.mainMenu(Main.java:50)
	at edu.ncsu.csc326.coffeemaker.Main.mainMenu(Main.java:50)
	at edu.ncsu.csc326.coffeemaker.Main.mainMenu(Main.java:50)
	at edu.ncsu.csc326.coffeemaker.Main.mainMenu(Main.java:50)
	at edu.ncsu.csc326.coffeemaker.Main.mainMenu(Main.java:50)
	at edu.ncsu.csc326.coffeemaker.Main.mainMenu(Main.java:50)
	at edu.ncsu.csc326.coffeemaker.Main.mainMenu(Main.java:50)
	at edu.ncsu.csc326.coffeemaker.Main.mainMenu(Main.java:50)
	at edu.ncsu.csc326.coffeemaker.Main.mainMenu(Main.java:50)
	at edu.ncsu.csc326.coffeemaker.Main.mainMenu(Main.java:50)
	at edu.ncsu.csc326.coffeemaker.Main.mainMenu(Main.java:50)
	at edu.ncsu.csc326.coffeemaker.Main.mainMenu(Main.java:50)
	at edu.ncsu.csc326.coffeemaker.Main.mainMenu(Main.java:50)
	at edu.ncsu.csc326.coffeemaker.Main.mainMenu(Main.java:50)
	at edu.ncsu.csc326.coffeemaker.Main.mainMenu(Main.java:50)
	at edu.ncsu.csc326.coffeemaker.Main.mainMenu(Main.java:50)
	at edu.ncsu.csc326.coffeemaker.Main.mainMenu(Main.java:50)
	at edu.ncsu.csc326.coffeemaker.Main.mainMenu(Main.java:50)
	at edu.ncsu.csc326.coffeemaker.Main.mainMenu(Main.java:50)
	at edu.ncsu.csc326.coffeemaker.Main.mainMenu(Main.java:50)
	at edu.ncsu.csc326.coffeemaker.Main.mainMenu(Main.java:50)
	at edu.ncsu.csc326.coffeemaker.Main.mainMenu(Main.java:50)
	at edu.ncsu.csc326.coffeemaker.Main.mainMenu(Main.java:50)
	at edu.ncsu.csc326.coffeemaker.Main.mainMenu(Main.java:50)
	at edu.ncsu.csc326.coffeemaker.Main.mainMenu(Main.java:50)
	at edu.ncsu.csc326.coffeemaker.Main.mainMenu(Main.java:50)
	at edu.ncsu.csc326.coffeemaker.Main.mainMenu(Main.java:50)
	at edu.ncsu.csc326.coffeemaker.Main.mainMenu(Main.java:50)
	at edu.ncsu.csc326.coffeemaker.Main.mainMenu(Main.java:50)
	at edu.ncsu.csc326.coffeemaker.Main.mainMenu(Main.java:50)
	at edu.ncsu.csc326.coffeemaker.Main.mainMenu(Main.java:50)
	at edu.ncsu.csc326.coffeemaker.Main.mainMenu(Main.java:50)
	at edu.ncsu.csc326.coffeemaker.Main.mainMenu(Main.java:50)
	at edu.ncsu.csc326.coffeemaker.Main.mainMenu(Main.java:50)
	at edu.ncsu.csc326.coffeemaker.Main.mainMenu(Main.java:50)
	at edu.ncsu.csc326.coffeemaker.Main.mainMenu(Main.java:50)
	at edu.ncsu.csc326.coffeemaker.Main.mainMenu(Main.java:50)
	at edu.ncsu.csc326.coffeemaker.Main.mainMenu(Main.java:50)
	at edu.ncsu.csc326.coffeemaker.Main.mainMenu(Main.java:50)
	at edu.ncsu.csc326.coffeemaker.Main.mainMenu(Main.java:50)
	at edu.ncsu.csc326.coffeemaker.Main.mainMenu(Main.java:50)
	at edu.ncsu.csc326.coffeemaker.Main.mainMenu(Main.java:50)
	at edu.ncsu.csc326.coffeemaker.Main.mainMenu(Main.java:50)
	at edu.ncsu.csc326.coffeemaker.Main.mainMenu(Main.java:50)
	at edu.ncsu.csc326.coffeemaker.Main.mainMenu(Main.java:50)
	at edu.ncsu.csc326.coffeemaker.Main.mainMenu(Main.java:50)
	at edu.ncsu.csc326.coffeemaker.Main.mainMenu(Main.java:50)
	at edu.ncsu.csc326.coffeemaker.Main.mainMenu(Main.java:50)
	at edu.ncsu.csc326.coffeemaker.Main.mainMenu(Main.java:50)
	at edu.ncsu.csc326.coffeemaker.Main.mainMenu(Main.java:50)
	at edu.ncsu.csc326.coffeemaker.Main.mainMenu(Main.java:50)
	at edu.ncsu.csc326.coffeemaker.Main.mainMenu(Main.java:50)
	at edu.ncsu.csc326.coffeemaker.Main.mainMenu(Main.java:50)
	at edu.ncsu.csc326.coffeemaker.Main.mainMenu(Main.java:50)
	at edu.ncsu.csc326.coffeemaker.Main.mainMenu(Main.java:50)
	at edu.ncsu.csc326.coffeemaker.Main.mainMenu(Main.java:50)
	at edu.ncsu.csc326.coffeemaker.Main.mainMenu(Main.java:50)
	at edu.ncsu.csc326.coffeemaker.Main.mainMenu(Main.java:50)
	at edu.ncsu.csc326.coffeemaker.Main.mainMenu(Main.java:50)
	at edu.ncsu.csc326.coffeemaker.Main.mainMenu(Main.java:50)
	at edu.ncsu.csc326.coffeemaker.Main.mainMenu(Main.java:50)
	at edu.ncsu.csc326.coffeemaker.Main.mainMenu(Main.java:50)
	at edu.ncsu.csc326.coffeemaker.Main.mainMenu(Main.java:50)
	at edu.ncsu.csc326.coffeemaker.Main.mainMenu(Main.java:50)
	at edu.ncsu.csc326.coffeemaker.Main.mainMenu(Main.java:50)
	at edu.ncsu.csc326.coffeemaker.Main.mainMenu(Main.java:50)
	at edu.ncsu.csc326.coffeemaker.Main.mainMenu(Main.java:50)
	at edu.ncsu.csc326.coffeemaker.Main.mainMenu(Main.java:50)
	at edu.ncsu.csc326.coffeemaker.Main.mainMenu(Main.java:50)
	at edu.ncsu.csc326.coffeemaker.Main.mainMenu(Main.java:50)
	at edu.ncsu.csc326.coffeemaker.Main.mainMenu(Main.java:50)
	at edu.ncsu.csc326.coffeemaker.Main.mainMenu(Main.java:50)
	at edu.ncsu.csc326.coffeemaker.Main.mainMenu(Main.java:50)
	at edu.ncsu.csc326.coffeemaker.Main.mainMenu(Main.java:50)
	at edu.ncsu.csc326.coffeemaker.Main.mainMenu(Main.java:50)
	at edu.ncsu.csc326.coffeemaker.Main.mainMenu(Main.java:50)
	at edu.ncsu.csc326.coffeemaker.Main.mainMenu(Main.java:50)
	at edu.ncsu.csc326.coffeemaker.Main.mainMenu(Main.java:50)
	at edu.ncsu.csc326.coffeemaker.Main.mainMenu(Main.java:50)
	at edu.ncsu.csc326.coffeemaker.Main.mainMenu(Main.java:50)
	at edu.ncsu.csc326.coffeemaker.Main.mainMenu(Main.java:50)
	at edu.ncsu.csc326.coffeemaker.Main.mainMenu(Main.java:50)
	at edu.ncsu.csc326.coffeemaker.Main.mainMenu(Main.java:50)
	at edu.ncsu.csc326.coffeemaker.Main.mainMenu(Main.java:50)
	at edu.ncsu.csc326.coffeemaker.Main.mainMenu(Main.java:50)
	at edu.ncsu.csc326.coffeemaker.Main.mainMenu(Main.java:50)
	at edu.ncsu.csc326.coffeemaker.Main.mainMenu(Main.java:50)
	at edu.ncsu.csc326.coffeemaker.Main.mainMenu(Main.java:50)
	at edu.ncsu.csc326.coffeemaker.Main.mainMenu(Main.java:50)
	at edu.ncsu.csc326.coffeemaker.Main.mainMenu(Main.java:50)
	at edu.ncsu.csc326.coffeemaker.Main.mainMenu(Main.java:50)
	at edu.ncsu.csc326.coffeemaker.Main.mainMenu(Main.java:50)
	at edu.ncsu.csc326.coffeemaker.Main.mainMenu(Main.java:50)
	at edu.ncsu.csc326.coffeemaker.Main.mainMenu(Main.java:50)
	at edu.ncsu.csc326.coffeemaker.Main.mainMenu(Main.java:50)
	at edu.ncsu.csc326.coffeemaker.Main.mainMenu(Main.java:50)
	at edu.ncsu.csc326.coffeemaker.Main.mainMenu(Main.java:50)
	at edu.ncsu.csc326.coffeemaker.Main.mainMenu(Main.java:50)
	at edu.ncsu.csc326.coffeemaker.Main.mainMenu(Main.java:50)
	at edu.ncsu.csc326.coffeemaker.Main.mainMenu(Main.java:50)
	at edu.ncsu.csc326.coffeemaker.Main.mainMenu(Main.java:50)
	at edu.ncsu.csc326.coffeemaker.Main.mainMenu(Main.java:50)
	at edu.ncsu.csc326.coffeemaker.Main.mainMenu(Main.java:50)
	at edu.ncsu.csc326.coffeemaker.Main.mainMenu(Main.java:50)
	at edu.ncsu.csc326.coffeemaker.Main.mainMenu(Main.java:50)
	at edu.ncsu.csc326.coffeemaker.Main.mainMenu(Main.java:50)
	at edu.ncsu.csc326.coffeemaker.Main.mainMenu(Main.java:50)
	at edu.ncsu.csc326.coffeemaker.Main.mainMenu(Main.java:50)
	at edu.ncsu.csc326.coffeemaker.Main.mainMenu(Main.java:50)
	at edu.ncsu.csc326.coffeemaker.Main.mainMenu(Main.java:50)
	at edu.ncsu.csc326.coffeemaker.Main.mainMenu(Main.java:50)
	at edu.ncsu.csc326.coffeemaker.Main.mainMenu(Main.java:50)
	at edu.ncsu.csc326.coffeemaker.Main.mainMenu(Main.java:50)
	at edu.ncsu.csc326.coffeemaker.Main.mainMenu(Main.java:50)
	at edu.ncsu.csc326.coffeemaker.Main.mainMenu(Main.java:50)
	at edu.ncsu.csc326.coffeemaker.Main.mainMenu(Main.java:50)
	at edu.ncsu.csc326.coffeemaker.Main.mainMenu(Main.java:50)
	at edu.ncsu.csc326.coffeemaker.Main.mainMenu(Main.java:50)
	at edu.ncsu.csc326.coffeemaker.Main.mainMenu(Main.java:50)
	at edu.ncsu.csc326.coffeemaker.Main.mainMenu(Main.java:50)
	at edu.ncsu.csc326.coffeemaker.Main.mainMenu(Main.java:50)
	at edu.ncsu.csc326.coffeemaker.Main.mainMenu(Main.java:50)
	at edu.ncsu.csc326.coffeemaker.Main.mainMenu(Main.java:50)
	at edu.ncsu.csc326.coffeemaker.Main.mainMenu(Main.java:50)
	at edu.ncsu.csc326.coffeemaker.Main.mainMenu(Main.java:50)
	at edu.ncsu.csc326.coffeemaker.Main.mainMenu(Main.java:50)
	at edu.ncsu.csc326.coffeemaker.Main.mainMenu(Main.java:50)
	at edu.ncsu.csc326.coffeemaker.Main.mainMenu(Main.java:50)
	at edu.ncsu.csc326.coffeemaker.Main.mainMenu(Main.java:50)
	at edu.ncsu.csc326.coffeemaker.Main.mainMenu(Main.java:50)
	at edu.ncsu.csc326.coffeemaker.Main.mainMenu(Main.java:50)
	at edu.ncsu.csc326.coffeemaker.Main.mainMenu(Main.java:50)
	at edu.ncsu.csc326.coffeemaker.Main.mainMenu(Main.java:50)
	at edu.ncsu.csc326.coffeemaker.Main.mainMenu(Main.java:50)
	at edu.ncsu.csc326.coffeemaker.Main.mainMenu(Main.java:50)
	at edu.ncsu.csc326.coffeemaker.Main.mainMenu(Main.java:50)
	at edu.ncsu.csc326.coffeemaker.Main.mainMenu(Main.java:50)
	at edu.ncsu.csc326.coffeemaker.Main.mainMenu(Main.java:50)
	at edu.ncsu.csc326.coffeemaker.Main.mainMenu(Main.java:50)
	at edu.ncsu.csc326.coffeemaker.Main.mainMenu(Main.java:50)
	at edu.ncsu.csc326.coffeemaker.Main.mainMenu(Main.java:50)
	at edu.ncsu.csc326.coffeemaker.Main.mainMenu(Main.java:50)
	at edu.ncsu.csc326.coffeemaker.Main.mainMenu(Main.java:50)
	at edu.ncsu.csc326.coffeemaker.Main.mainMenu(Main.java:50)
	at edu.ncsu.csc326.coffeemaker.Main.mainMenu(Main.java:50)
	at edu.ncsu.csc326.coffeemaker.Main.mainMenu(Main.java:50)
	at edu.ncsu.csc326.coffeemaker.Main.mainMenu(Main.java:50)
	at edu.ncsu.csc326.coffeemaker.Main.mainMenu(Main.java:50)
	at edu.ncsu.csc326.coffeemaker.Main.mainMenu(Main.java:50)
	at edu.ncsu.csc326.coffeemaker.Main.mainMenu(Main.java:50)
	at edu.ncsu.csc326.coffeemaker.Main.mainMenu(Main.java:50)
	at edu.ncsu.csc326.coffeemaker.Main.mainMenu(Main.java:50)
	at edu.ncsu.csc326.coffeemaker.Main.mainMenu(Main.java:50)
	at edu.ncsu.csc326.coffeemaker.Main.mainMenu(Main.java:50)
	at edu.ncsu.csc326.coffeemaker.Main.mainMenu(Main.java:50)
	at edu.ncsu.csc326.coffeemaker.Main.mainMenu(Main.java:50)
	at edu.ncsu.csc326.coffeemaker.Main.mainMenu(Main.java:50)
	at edu.ncsu.csc326.coffeemaker.Main.mainMenu(Main.java:50)
	at edu.ncsu.csc326.coffeemaker.Main.mainMenu(Main.java:50)
	at edu.ncsu.csc326.coffeemaker.Main.mainMenu(Main.java:50)
	at edu.ncsu.csc326.coffeemaker.Main.mainMenu(Main.java:50)
	at edu.ncsu.csc326.coffeemaker.Main.mainMenu(Main.java:50)
	at edu.ncsu.csc326.coffeemaker.Main.mainMenu(Main.java:50)
	at edu.ncsu.csc326.coffeemaker.Main.mainMenu(Main.java:50)
	at edu.ncsu.csc326.coffeemaker.Main.mainMenu(Main.java:50)
	at edu.ncsu.csc326.coffeemaker.Main.mainMenu(Main.java:50)
	at edu.ncsu.csc326.coffeemaker.Main.mainMenu(Main.java:50)
	at edu.ncsu.csc326.coffeemaker.Main.mainMenu(Main.java:50)
	at edu.ncsu.csc326.coffeemaker.Main.mainMenu(Main.java:50)
	at edu.ncsu.csc326.coffeemaker.Main.mainMenu(Main.java:50)
	at edu.ncsu.csc326.coffeemaker.Main.mainMenu(Main.java:50)
	at edu.ncsu.csc326.coffeemaker.Main.mainMenu(Main.java:50)
	at edu.ncsu.csc326.coffeemaker.Main.mainMenu(Main.java:50)
	at edu.ncsu.csc326.coffeemaker.Main.mainMenu(Main.java:50)
	at edu.ncsu.csc326.coffeemaker.Main.mainMenu(Main.java:50)
	at edu.ncsu.csc326.coffeemaker.Main.mainMenu(Main.java:50)
	at edu.ncsu.csc326.coffeemaker.Main.mainMenu(Main.java:50)
	at edu.ncsu.csc326.coffeemaker.Main.mainMenu(Main.java:50)
	at edu.ncsu.csc326.coffeemaker.Main.mainMenu(Main.java:50)
	at edu.ncsu.csc326.coffeemaker.Main.mainMenu(Main.java:50)
	at edu.ncsu.csc326.coffeemaker.Main.mainMenu(Main.java:50)
	at edu.ncsu.csc326.coffeemaker.Main.mainMenu(Main.java:50)
	at edu.ncsu.csc326.coffeemaker.Main.mainMenu(Main.java:50)
	at edu.ncsu.csc326.coffeemaker.Main.mainMenu(Main.java:50)
	at edu.ncsu.csc326.coffeemaker.Main.mainMenu(Main.java:50)
	at edu.ncsu.csc326.coffeemaker.Main.mainMenu(Main.java:50)
	at edu.ncsu.csc326.coffeemaker.Main.mainMenu(Main.java:50)
	at edu.ncsu.csc326.coffeemaker.Main.mainMenu(Main.java:50)
	at edu.ncsu.csc326.coffeemaker.Main.mainMenu(Main.java:50)
	at edu.ncsu.csc326.coffeemaker.Main.mainMenu(Main.java:50)
	at edu.ncsu.csc326.coffeemaker.Main.mainMenu(Main.java:50)
	at edu.ncsu.csc326.coffeemaker.Main.mainMenu(Main.java:50)
	at edu.ncsu.csc326.coffeemaker.Main.mainMenu(Main.java:50)
	at edu.ncsu.csc326.coffeemaker.Main.mainMenu(Main.java:50)
	at edu.ncsu.csc326.coffeemaker.Main.mainMenu(Main.java:50)
	at edu.ncsu.csc326.coffeemaker.Main.mainMenu(Main.java:50)
	at edu.ncsu.csc326.coffeemaker.Main.mainMenu(Main.java:50)
	at edu.ncsu.csc326.coffeemaker.Main.mainMenu(Main.java:50)
	at edu.ncsu.csc326.coffeemaker.Main.mainMenu(Main.java:50)
	at edu.ncsu.csc326.coffeemaker.Main.mainMenu(Main.java:50)
	at edu.ncsu.csc326.coffeemaker.Main.mainMenu(Main.java:50)
	at edu.ncsu.csc326.coffeemaker.Main.mainMenu(Main.java:50)
	at edu.ncsu.csc326.coffeemaker.Main.mainMenu(Main.java:50)
	at edu.ncsu.csc326.coffeemaker.Main.mainMenu(Main.java:50)
	at edu.ncsu.csc326.coffeemaker.Main.mainMenu(Main.java:50)
	at edu.ncsu.csc326.coffeemaker.Main.mainMenu(Main.java:50)
	at edu.ncsu.csc326.coffeemaker.Main.mainMenu(Main.java:50)
	at edu.ncsu.csc326.coffeemaker.Main.mainMenu(Main.java:50)
	at edu.ncsu.csc326.coffeemaker.Main.mainMenu(Main.java:50)
	at edu.ncsu.csc326.coffeemaker.Main.mainMenu(Main.java:50)
	at edu.ncsu.csc326.coffeemaker.Main.mainMenu(Main.java:50)
	at edu.ncsu.csc326.coffeemaker.Main.mainMenu(Main.java:50)
	at edu.ncsu.csc326.coffeemaker.Main.mainMenu(Main.java:50)
	at edu.ncsu.csc326.coffeemaker.Main.mainMenu(Main.java:50)
	at edu.ncsu.csc326.coffeemaker.Main.mainMenu(Main.java:50)
	at edu.ncsu.csc326.coffeemaker.Main.mainMenu(Main.java:50)
	at edu.ncsu.csc326.coffeemaker.Main.mainMenu(Main.java:50)
	at edu.ncsu.csc326.coffeemaker.Main.mainMenu(Main.java:50)
	at edu.ncsu.csc326.coffeemaker.Main.mainMenu(Main.java:50)
	at edu.ncsu.csc326.coffeemaker.Main.mainMenu(Main.java:50)
	at edu.ncsu.csc326.coffeemaker.Main.mainMenu(Main.java:50)
	at edu.ncsu.csc326.coffeemaker.Main.mainMenu(Main.java:50)
	at edu.ncsu.csc326.coffeemaker.Main.mainMenu(Main.java:50)
	at edu.ncsu.csc326.coffeemaker.Main.mainMenu(Main.java:50)
	at edu.ncsu.csc326.coffeemaker.Main.mainMenu(Main.java:50)
	at edu.ncsu.csc326.coffeemaker.Main.mainMenu(Main.java:50)
	at edu.ncsu.csc326.coffeemaker.Main.mainMenu(Main.java:50)
	at edu.ncsu.csc326.coffeemaker.Main.mainMenu(Main.java:50)
	at edu.ncsu.csc326.coffeemaker.Main.mainMenu(Main.java:50)
	at edu.ncsu.csc326.coffeemaker.Main.mainMenu(Main.java:50)
	at edu.ncsu.csc326.coffeemaker.Main.mainMenu(Main.java:50)
	at edu.ncsu.csc326.coffeemaker.Main.mainMenu(Main.java:50)
	at edu.ncsu.csc326.coffeemaker.Main.mainMenu(Main.java:50)
	at edu.ncsu.csc326.coffeemaker.Main.mainMenu(Main.java:50)
	at edu.ncsu.csc326.coffeemaker.Main.mainMenu(Main.java:50)
	at edu.ncsu.csc326.coffeemaker.Main.mainMenu(Main.java:50)
	at edu.ncsu.csc326.coffeemaker.Main.mainMenu(Main.java:50)
	at edu.ncsu.csc326.coffeemaker.Main.mainMenu(Main.java:50)
	at edu.ncsu.csc326.coffeemaker.Main.mainMenu(Main.java:50)
	at edu.ncsu.csc326.coffeemaker.Main.mainMenu(Main.java:50)
	at edu.ncsu.csc326.coffeemaker.Main.mainMenu(Main.java:50)
	at edu.ncsu.csc326.coffeemaker.Main.mainMenu(Main.java:50)
	at edu.ncsu.csc326.coffeemaker.Main.mainMenu(Main.java:50)
	at edu.ncsu.csc326.coffeemaker.Main.mainMenu(Main.java:50)
	at edu.ncsu.csc326.coffeemaker.Main.mainMenu(Main.java:50)
	at edu.ncsu.csc326.coffeemaker.Main.mainMenu(Main.java:50)
	at edu.ncsu.csc326.coffeemaker.Main.mainMenu(Main.java:50)
	at edu.ncsu.csc326.coffeemaker.Main.mainMenu(Main.java:50)
	at edu.ncsu.csc326.coffeemaker.Main.mainMenu(Main.java:50)
	at edu.ncsu.csc326.coffeemaker.Main.mainMenu(Main.java:50)
	at edu.ncsu.csc326.coffeemaker.Main.mainMenu(Main.java:50)
	at edu.ncsu.csc326.coffeemaker.Main.mainMenu(Main.java:50)
	at edu.ncsu.csc326.coffeemaker.Main.mainMenu(Main.java:50)
	at edu.ncsu.csc326.coffeemaker.Main.mainMenu(Main.java:50)
	at edu.ncsu.csc326.coffeemaker.Main.mainMenu(Main.java:50)
	at edu.ncsu.csc326.coffeemaker.Main.mainMenu(Main.java:50)
	at edu.ncsu.csc326.coffeemaker.Main.mainMenu(Main.java:50)
	at edu.ncsu.csc326.coffeemaker.Main.mainMenu(Main.java:50)
	at edu.ncsu.csc326.coffeemaker.Main.mainMenu(Main.java:50)
	at edu.ncsu.csc326.coffeemaker.Main.mainMenu(Main.java:50)
	at edu.ncsu.csc326.coffeemaker.Main.mainMenu(Main.java:50)
	at edu.ncsu.csc326.coffeemaker.Main.mainMenu(Main.java:50)
	at edu.ncsu.csc326.coffeemaker.Main.mainMenu(Main.java:50)
	at edu.ncsu.csc326.coffeemaker.Main.mainMenu(Main.java:50)
	at edu.ncsu.csc326.coffeemaker.Main.mainMenu(Main.java:50)
	at edu.ncsu.csc326.coffeemaker.Main.mainMenu(Main.java:50)
	at edu.ncsu.csc326.coffeemaker.Main.mainMenu(Main.java:50)
	at edu.ncsu.csc326.coffeemaker.Main.mainMenu(Main.java:50)
	at edu.ncsu.csc326.coffeemaker.Main.mainMenu(Main.java:50)
	at edu.ncsu.csc326.coffeemaker.Main.mainMenu(Main.java:50)
	at edu.ncsu.csc326.coffeemaker.Main.mainMenu(Main.java:50)
	at edu.ncsu.csc326.coffeemaker.Main.mainMenu(Main.java:50)
	at edu.ncsu.csc326.coffeemaker.Main.mainMenu(Main.java:50)
	at edu.ncsu.csc326.coffeemaker.Main.mainMenu(Main.java:50)
	at edu.ncsu.csc326.coffeemaker.Main.mainMenu(Main.java:50)
	at edu.ncsu.csc326.coffeemaker.Main.mainMenu(Main.java:50)
	at edu.ncsu.csc326.coffeemaker.Main.mainMenu(Main.java:50)
	at edu.ncsu.csc326.coffeemaker.Main.mainMenu(Main.java:50)
	at edu.ncsu.csc326.coffeemaker.Main.mainMenu(Main.java:50)
	at edu.ncsu.csc326.coffeemaker.Main.mainMenu(Main.java:50)
	at edu.ncsu.csc326.coffeemaker.Main.mainMenu(Main.java:50)
	at edu.ncsu.csc326.coffeemaker.Main.mainMenu(Main.java:50)
	at edu.ncsu.csc326.coffeemaker.Main.mainMenu(Main.java:50)
	at edu.ncsu.csc326.coffeemaker.Main.mainMenu(Main.java:50)
	at edu.ncsu.csc326.coffeemaker.Main.mainMenu(Main.java:50)
	at edu.ncsu.csc326.coffeemaker.Main.mainMenu(Main.java:50)
	at edu.ncsu.csc326.coffeemaker.Main.mainMenu(Main.java:50)
	at edu.ncsu.csc326.coffeemaker.Main.mainMenu(Main.java:50)
	at edu.ncsu.csc326.coffeemaker.Main.mainMenu(Main.java:50)
	at edu.ncsu.csc326.coffeemaker.Main.mainMenu(Main.java:50)
	at edu.ncsu.csc326.coffeemaker.Main.mainMenu(Main.java:50)
	at edu.ncsu.csc326.coffeemaker.Main.mainMenu(Main.java:50)
	at edu.ncsu.csc326.coffeemaker.Main.mainMenu(Main.java:50)
	at edu.ncsu.csc326.coffeemaker.Main.mainMenu(Main.java:50)
	at edu.ncsu.csc326.coffeemaker.Main.mainMenu(Main.java:50)
	at edu.ncsu.csc326.coffeemaker.Main.mainMenu(Main.java:50)
	at edu.ncsu.csc326.coffeemaker.Main.mainMenu(Main.java:50)
	at edu.ncsu.csc326.coffeemaker.Main.mainMenu(Main.java:50)
	at edu.ncsu.csc326.coffeemaker.Main.mainMenu(Main.java:50)
	at edu.ncsu.csc326.coffeemaker.Main.mainMenu(Main.java:50)
	at edu.ncsu.csc326.coffeemaker.Main.mainMenu(Main.java:50)
	at edu.ncsu.csc326.coffeemaker.Main.mainMenu(Main.java:50)
	at edu.ncsu.csc326.coffeemaker.Main.mainMenu(Main.java:50)
	at edu.ncsu.csc326.coffeemaker.Main.mainMenu(Main.java:50)
	at edu.ncsu.csc326.coffeemaker.Main.mainMenu(Main.java:50)
	at edu.ncsu.csc326.coffeemaker.Main.mainMenu(Main.java:50)
	at edu.ncsu.csc326.coffeemaker.Main.mainMenu(Main.java:50)
	at edu.ncsu.csc326.coffeemaker.Main.mainMenu(Main.java:50)
	at edu.ncsu.csc326.coffeemaker.Main.mainMenu(Main.java:50)
	at edu.ncsu.csc326.coffeemaker.Main.mainMenu(Main.java:50)
	at edu.ncsu.csc326.coffeemaker.Main.mainMenu(Main.java:50)
	at edu.ncsu.csc326.coffeemaker.Main.mainMenu(Main.java:50)
	at edu.ncsu.csc326.coffeemaker.Main.mainMenu(Main.java:50)
	at edu.ncsu.csc326.coffeemaker.Main.mainMenu(Main.java:50)
	at edu.ncsu.csc326.coffeemaker.Main.mainMenu(Main.java:50)
	at edu.ncsu.csc326.coffeemaker.Main.mainMenu(Main.java:50)
	at edu.ncsu.csc326.coffeemaker.Main.mainMenu(Main.java:50)
	at edu.ncsu.csc326.coffeemaker.Main.mainMenu(Main.java:50)
	at edu.ncsu.csc326.coffeemaker.Main.mainMenu(Main.java:50)
	at edu.ncsu.csc326.coffeemaker.Main.mainMenu(Main.java:50)
	at edu.ncsu.csc326.coffeemaker.Main.mainMenu(Main.java:50)
	at edu.ncsu.csc326.coffeemaker.Main.mainMenu(Main.java:50)
	at edu.ncsu.csc326.coffeemaker.Main.mainMenu(Main.java:50)
	at edu.ncsu.csc326.coffeemaker.Main.mainMenu(Main.java:50)
	at edu.ncsu.csc326.coffeemaker.Main.mainMenu(Main.java:50)
	at edu.ncsu.csc326.coffeemaker.Main.mainMenu(Main.java:50)
	at edu.ncsu.csc326.coffeemaker.Main.mainMenu(Main.java:50)
	at edu.ncsu.csc326.coffeemaker.Main.mainMenu(Main.java:50)
	at edu.ncsu.csc326.coffeemaker.Main.mainMenu(Main.java:50)
	at edu.ncsu.csc326.coffeemaker.Main.mainMenu(Main.java:50)
	at edu.ncsu.csc326.coffeemaker.Main.mainMenu(Main.java:50)
	at edu.ncsu.csc326.coffeemaker.Main.mainMenu(Main.java:50)
	at edu.ncsu.csc326.coffeemaker.Main.mainMenu(Main.java:50)
	at edu.ncsu.csc326.coffeemaker.Main.mainMenu(Main.java:50)
	at edu.ncsu.csc326.coffeemaker.Main.mainMenu(Main.java:50)
	at edu.ncsu.csc326.coffeemaker.Main.mainMenu(Main.java:50)
	at edu.ncsu.csc326.coffeemaker.Main.mainMenu(Main.java:50)
	at edu.ncsu.csc326.coffeemaker.Main.mainMenu(Main.java:50)
	at edu.ncsu.csc326.coffeemaker.Main.mainMenu(Main.java:50)
	at edu.ncsu.csc326.coffeemaker.Main.mainMenu(Main.java:50)
	at edu.ncsu.csc326.coffeemaker.Main.mainMenu(Main.java:50)
	at edu.ncsu.csc326.coffeemaker.Main.mainMenu(Main.java:50)
	at edu.ncsu.csc326.coffeemaker.Main.mainMenu(Main.java:50)
	at edu.ncsu.csc326.coffeemaker.Main.mainMenu(Main.java:50)
	at edu.ncsu.csc326.coffeemaker.Main.mainMenu(Main.java:50)
	at edu.ncsu.csc326.coffeemaker.Main.mainMenu(Main.java:50)
	at edu.ncsu.csc326.coffeemaker.Main.mainMenu(Main.java:50)
	at edu.ncsu.csc326.coffeemaker.Main.mainMenu(Main.java:50)
	at edu.ncsu.csc326.coffeemaker.Main.mainMenu(Main.java:50)
	at edu.ncsu.csc326.coffeemaker.Main.mainMenu(Main.java:50)
	at edu.ncsu.csc326.coffeemaker.Main.mainMenu(Main.java:50)
	at edu.ncsu.csc326.coffeemaker.Main.mainMenu(Main.java:50)
	at edu.ncsu.csc326.coffeemaker.Main.mainMenu(Main.java:50)
	at edu.ncsu.csc326.coffeemaker.Main.mainMenu(Main.java:50)
	at edu.ncsu.csc326.coffeemaker.Main.mainMenu(Main.java:50)
	at edu.ncsu.csc326.coffeemaker.Main.mainMenu(Main.java:50)
	at edu.ncsu.csc326.coffeemaker.Main.mainMenu(Main.java:50)
	at edu.ncsu.csc326.coffeemaker.Main.mainMenu(Main.java:50)
	at edu.ncsu.csc326.coffeemaker.Main.mainMenu(Main.java:50)
	at edu.ncsu.csc326.coffeemaker.Main.mainMenu(Main.java:50)
	at edu.ncsu.csc326.coffeemaker.Main.mainMenu(Main.java:50)
	at edu.ncsu.csc326.coffeemaker.Main.mainMenu(Main.java:50)
	at edu.ncsu.csc326.coffeemaker.Main.mainMenu(Main.java:50)
	at edu.ncsu.csc326.coffeemaker.Main.mainMenu(Main.java:50)
	at edu.ncsu.csc326.coffeemaker.Main.mainMenu(Main.java:50)
	at edu.ncsu.csc326.coffeemaker.Main.mainMenu(Main.java:50)
	at edu.ncsu.csc326.coffeemaker.Main.mainMenu(Main.java:50)
	at edu.ncsu.csc326.coffeemaker.Main.mainMenu(Main.java:50)
	at edu.ncsu.csc326.coffeemaker.Main.mainMenu(Main.java:50)
	at edu.ncsu.csc326.coffeemaker.Main.mainMenu(Main.java:50)
	at edu.ncsu.csc326.coffeemaker.Main.mainMenu(Main.java:50)
	at edu.ncsu.csc326.coffeemaker.Main.mainMenu(Main.java:50)
	at edu.ncsu.csc326.coffeemaker.Main.mainMenu(Main.java:50)
	at edu.ncsu.csc326.coffeemaker.Main.mainMenu(Main.java:50)
	at edu.ncsu.csc326.coffeemaker.Main.mainMenu(Main.java:50)
	at edu.ncsu.csc326.coffeemaker.Main.mainMenu(Main.java:50)
	at edu.ncsu.csc326.coffeemaker.Main.mainMenu(Main.java:50)
	at edu.ncsu.csc326.coffeemaker.Main.mainMenu(Main.java:50)
	at edu.ncsu.csc326.coffeemaker.Main.mainMenu(Main.java:50)
	at edu.ncsu.csc326.coffeemaker.Main.mainMenu(Main.java:50)
	at edu.ncsu.csc326.coffeemaker.Main.mainMenu(Main.java:50)
	at edu.ncsu.csc326.coffeemaker.Main.mainMenu(Main.java:50)
	at edu.ncsu.csc326.coffeemaker.Main.mainMenu(Main.java:50)
	at edu.ncsu.csc326.coffeemaker.Main.mainMenu(Main.java:50)
	at edu.ncsu.csc326.coffeemaker.Main.mainMenu(Main.java:50)
	at edu.ncsu.csc326.coffeemaker.Main.mainMenu(Main.java:50)
	at edu.ncsu.csc326.coffeemaker.Main.mainMenu(Main.java:50)
	at edu.ncsu.csc326.coffeemaker.Main.mainMenu(Main.java:50)
	at edu.ncsu.csc326.coffeemaker.Main.mainMenu(Main.java:50)
	at edu.ncsu.csc326.coffeemaker.Main.mainMenu(Main.java:50)
	at edu.ncsu.csc326.coffeemaker.Main.mainMenu(Main.java:50)
	at edu.ncsu.csc326.coffeemaker.Main.mainMenu(Main.java:50)
	at edu.ncsu.csc326.coffeemaker.Main.mainMenu(Main.java:50)
	at edu.ncsu.csc326.coffeemaker.Main.mainMenu(Main.java:50)
	at edu.ncsu.csc326.coffeemaker.Main.mainMenu(Main.java:50)
	at edu.ncsu.csc326.coffeemaker.Main.mainMenu(Main.java:50)
	at edu.ncsu.csc326.coffeemaker.Main.mainMenu(Main.java:50)
	at edu.ncsu.csc326.coffeemaker.Main.mainMenu(Main.java:50)
	at edu.ncsu.csc326.coffeemaker.Main.mainMenu(Main.java:50)
	at edu.ncsu.csc326.coffeemaker.Main.mainMenu(Main.java:50)
	at edu.ncsu.csc326.coffeemaker.Main.mainMenu(Main.java:50)
	at edu.ncsu.csc326.coffeemaker.Main.mainMenu(Main.java:50)
	at edu.ncsu.csc326.coffeemaker.Main.mainMenu(Main.java:50)
	at edu.ncsu.csc326.coffeemaker.Main.mainMenu(Main.java:50)
	at edu.ncsu.csc326.coffeemaker.Main.mainMenu(Main.java:50)
	at edu.ncsu.csc326.coffeemaker.Main.mainMenu(Main.java:50)
	at edu.ncsu.csc326.coffeemaker.Main.mainMenu(Main.java:50)
	at edu.ncsu.csc326.coffeemaker.Main.mainMenu(Main.java:50)
	at edu.ncsu.csc326.coffeemaker.Main.mainMenu(Main.java:50)
	at edu.ncsu.csc326.coffeemaker.Main.mainMenu(Main.java:50)
	at edu.ncsu.csc326.coffeemaker.Main.mainMenu(Main.java:50)
	at edu.ncsu.csc326.coffeemaker.Main.mainMenu(Main.java:50)
	at edu.ncsu.csc326.coffeemaker.Main.mainMenu(Main.java:50)
	at edu.ncsu.csc326.coffeemaker.Main.mainMenu(Main.java:50)
	at edu.ncsu.csc326.coffeemaker.Main.mainMenu(Main.java:50)
	at edu.ncsu.csc326.coffeemaker.Main.mainMenu(Main.java:50)
	at edu.ncsu.csc326.coffeemaker.Main.mainMenu(Main.java:50)
	at edu.ncsu.csc326.coffeemaker.Main.mainMenu(Main.java:50)
	at edu.ncsu.csc326.coffeemaker.Main.mainMenu(Main.java:50)
	at edu.ncsu.csc326.coffeemaker.Main.mainMenu(Main.java:50)
	at edu.ncsu.csc326.coffeemaker.Main.mainMenu(Main.java:50)
	at edu.ncsu.csc326.coffeemaker.Main.mainMenu(Main.java:50)
	at edu.ncsu.csc326.coffeemaker.Main.mainMenu(Main.java:50)
	at edu.ncsu.csc326.coffeemaker.Main.mainMenu(Main.java:50)
	at edu.ncsu.csc326.coffeemaker.Main.mainMenu(Main.java:50)
	at edu.ncsu.csc326.coffeemaker.Main.mainMenu(Main.java:50)
	at edu.ncsu.csc326.coffeemaker.Main.mainMenu(Main.java:50)
	at edu.ncsu.csc326.coffeemaker.Main.mainMenu(Main.java:50)
	at edu.ncsu.csc326.coffeemaker.Main.mainMenu(Main.java:50)
</failure>
  </testcase>
  <testcase name="testMakeCoffeeWithInsufficientInventory" classname="edu.ncsu.csc326.coffeemaker.MainTest" time="0.0">
    <failure message="java.lang.NullPointerException" type="java.lang.NullPointerException">java.lang.NullPointerException
	at edu.ncsu.csc326.coffeemaker.Main.makeCoffee(Main.java:218)
	at edu.ncsu.csc326.coffeemaker.MainTest.testMakeCoffeeWithInsufficientInventory(MainTest.java:350)
	at sun.reflect.NativeMethodAccessorImpl.invoke0(Native Method)
	at sun.reflect.NativeMethodAccessorImpl.invoke(NativeMethodAccessorImpl.java:62)
	at sun.reflect.DelegatingMethodAccessorImpl.invoke(DelegatingMethodAccessorImpl.java:43)
	at java.lang.reflect.Method.invoke(Method.java:498)
	at org.junit.runners.model.FrameworkMethod$1.runReflectiveCall(FrameworkMethod.java:50)
	at org.junit.internal.runners.model.ReflectiveCallable.run(ReflectiveCallable.java:12)
	at org.junit.runners.model.FrameworkMethod.invokeExplosively(FrameworkMethod.java:47)
	at org.junit.internal.runners.statements.InvokeMethod.evaluate(InvokeMethod.java:17)
	at org.junit.internal.runners.statements.RunBefores.evaluate(RunBefores.java:26)
	at org.junit.runners.ParentRunner.runLeaf(ParentRunner.java:325)
	at org.junit.runners.BlockJUnit4ClassRunner.runChild(BlockJUnit4ClassRunner.java:78)
	at org.junit.runners.BlockJUnit4ClassRunner.runChild(BlockJUnit4ClassRunner.java:57)
	at org.junit.runners.ParentRunner$3.run(ParentRunner.java:290)
	at org.junit.runners.ParentRunner$1.schedule(ParentRunner.java:71)
	at org.junit.runners.ParentRunner.runChildren(ParentRunner.java:288)
	at org.junit.runners.ParentRunner.access$000(ParentRunner.java:58)
	at org.junit.runners.ParentRunner$2.evaluate(ParentRunner.java:268)
	at org.junit.runners.ParentRunner.run(ParentRunner.java:363)
	at org.gradle.api.internal.tasks.testing.junit.JUnitTestClassExecuter.runTestClass(JUnitTestClassExecuter.java:114)
	at org.gradle.api.internal.tasks.testing.junit.JUnitTestClassExecuter.execute(JUnitTestClassExecuter.java:57)
	at org.gradle.api.internal.tasks.testing.junit.JUnitTestClassProcessor.processTestClass(JUnitTestClassProcessor.java:66)
	at org.gradle.api.internal.tasks.testing.SuiteTestClassProcessor.processTestClass(SuiteTestClassProcessor.java:51)
	at sun.reflect.NativeMethodAccessorImpl.invoke0(Native Method)
	at sun.reflect.NativeMethodAccessorImpl.invoke(NativeMethodAccessorImpl.java:62)
	at sun.reflect.DelegatingMethodAccessorImpl.invoke(DelegatingMethodAccessorImpl.java:43)
	at java.lang.reflect.Method.invoke(Method.java:498)
	at org.gradle.internal.dispatch.ReflectionDispatch.dispatch(ReflectionDispatch.java:35)
	at org.gradle.internal.dispatch.ReflectionDispatch.dispatch(ReflectionDispatch.java:24)
	at org.gradle.internal.dispatch.ContextClassLoaderDispatch.dispatch(ContextClassLoaderDispatch.java:32)
	at org.gradle.internal.dispatch.ProxyDispatchAdapter$DispatchingInvocationHandler.invoke(ProxyDispatchAdapter.java:93)
	at com.sun.proxy.$Proxy1.processTestClass(Unknown Source)
	at org.gradle.api.internal.tasks.testing.worker.TestWorker.processTestClass(TestWorker.java:108)
	at sun.reflect.NativeMethodAccessorImpl.invoke0(Native Method)
	at sun.reflect.NativeMethodAccessorImpl.invoke(NativeMethodAccessorImpl.java:62)
	at sun.reflect.DelegatingMethodAccessorImpl.invoke(DelegatingMethodAccessorImpl.java:43)
	at java.lang.reflect.Method.invoke(Method.java:498)
	at org.gradle.internal.dispatch.ReflectionDispatch.dispatch(ReflectionDispatch.java:35)
	at org.gradle.internal.dispatch.ReflectionDispatch.dispatch(ReflectionDispatch.java:24)
	at org.gradle.internal.remote.internal.hub.MessageHubBackedObjectConnection$DispatchWrapper.dispatch(MessageHubBackedObjectConnection.java:146)
	at org.gradle.internal.remote.internal.hub.MessageHubBackedObjectConnection$DispatchWrapper.dispatch(MessageHubBackedObjectConnection.java:128)
	at org.gradle.internal.remote.internal.hub.MessageHub$Handler.run(MessageHub.java:404)
	at org.gradle.internal.concurrent.ExecutorPolicy$CatchAndRecordFailures.onExecute(ExecutorPolicy.java:63)
	at org.gradle.internal.concurrent.ManagedExecutorImpl$1.run(ManagedExecutorImpl.java:46)
	at java.util.concurrent.ThreadPoolExecutor.runWorker(ThreadPoolExecutor.java:1149)
	at java.util.concurrent.ThreadPoolExecutor$Worker.run(ThreadPoolExecutor.java:624)
	at org.gradle.internal.concurrent.ThreadFactoryImpl$ManagedThreadRunnable.run(ThreadFactoryImpl.java:55)
	at java.lang.Thread.run(Thread.java:748)
</failure>
  </testcase>
  <testcase name="testAddRecipeWithMissingInput" classname="edu.ncsu.csc326.coffeemaker.MainTest" time="0.626">
    <failure message="java.lang.StackOverflowError" type="java.lang.StackOverflowError">java.lang.StackOverflowError
	at sun.nio.cs.UTF_8$Encoder.encodeLoop(UTF_8.java:691)
	at java.nio.charset.CharsetEncoder.encode(CharsetEncoder.java:579)
	at sun.nio.cs.StreamEncoder.implWrite(StreamEncoder.java:271)
	at sun.nio.cs.StreamEncoder.write(StreamEncoder.java:125)
	at java.io.OutputStreamWriter.write(OutputStreamWriter.java:207)
	at java.io.BufferedWriter.flushBuffer(BufferedWriter.java:129)
	at java.io.PrintStream.write(PrintStream.java:526)
	at java.io.PrintStream.print(PrintStream.java:669)
	at java.io.PrintStream.println(PrintStream.java:806)
	at edu.ncsu.csc326.coffeemaker.Main.mainMenu(Main.java:24)
	at edu.ncsu.csc326.coffeemaker.Main.mainMenu(Main.java:50)
	at edu.ncsu.csc326.coffeemaker.Main.mainMenu(Main.java:50)
	at edu.ncsu.csc326.coffeemaker.Main.mainMenu(Main.java:50)
	at edu.ncsu.csc326.coffeemaker.Main.mainMenu(Main.java:50)
	at edu.ncsu.csc326.coffeemaker.Main.mainMenu(Main.java:50)
	at edu.ncsu.csc326.coffeemaker.Main.mainMenu(Main.java:50)
	at edu.ncsu.csc326.coffeemaker.Main.mainMenu(Main.java:50)
	at edu.ncsu.csc326.coffeemaker.Main.mainMenu(Main.java:50)
	at edu.ncsu.csc326.coffeemaker.Main.mainMenu(Main.java:50)
	at edu.ncsu.csc326.coffeemaker.Main.mainMenu(Main.java:50)
	at edu.ncsu.csc326.coffeemaker.Main.mainMenu(Main.java:50)
	at edu.ncsu.csc326.coffeemaker.Main.mainMenu(Main.java:50)
	at edu.ncsu.csc326.coffeemaker.Main.mainMenu(Main.java:50)
	at edu.ncsu.csc326.coffeemaker.Main.mainMenu(Main.java:50)
	at edu.ncsu.csc326.coffeemaker.Main.mainMenu(Main.java:50)
	at edu.ncsu.csc326.coffeemaker.Main.mainMenu(Main.java:50)
	at edu.ncsu.csc326.coffeemaker.Main.mainMenu(Main.java:50)
	at edu.ncsu.csc326.coffeemaker.Main.mainMenu(Main.java:50)
	at edu.ncsu.csc326.coffeemaker.Main.mainMenu(Main.java:50)
	at edu.ncsu.csc326.coffeemaker.Main.mainMenu(Main.java:50)
	at edu.ncsu.csc326.coffeemaker.Main.mainMenu(Main.java:50)
	at edu.ncsu.csc326.coffeemaker.Main.mainMenu(Main.java:50)
	at edu.ncsu.csc326.coffeemaker.Main.mainMenu(Main.java:50)
	at edu.ncsu.csc326.coffeemaker.Main.mainMenu(Main.java:50)
	at edu.ncsu.csc326.coffeemaker.Main.mainMenu(Main.java:50)
	at edu.ncsu.csc326.coffeemaker.Main.mainMenu(Main.java:50)
	at edu.ncsu.csc326.coffeemaker.Main.mainMenu(Main.java:50)
	at edu.ncsu.csc326.coffeemaker.Main.mainMenu(Main.java:50)
	at edu.ncsu.csc326.coffeemaker.Main.mainMenu(Main.java:50)
	at edu.ncsu.csc326.coffeemaker.Main.mainMenu(Main.java:50)
	at edu.ncsu.csc326.coffeemaker.Main.mainMenu(Main.java:50)
	at edu.ncsu.csc326.coffeemaker.Main.mainMenu(Main.java:50)
	at edu.ncsu.csc326.coffeemaker.Main.mainMenu(Main.java:50)
	at edu.ncsu.csc326.coffeemaker.Main.mainMenu(Main.java:50)
	at edu.ncsu.csc326.coffeemaker.Main.mainMenu(Main.java:50)
	at edu.ncsu.csc326.coffeemaker.Main.mainMenu(Main.java:50)
	at edu.ncsu.csc326.coffeemaker.Main.mainMenu(Main.java:50)
	at edu.ncsu.csc326.coffeemaker.Main.mainMenu(Main.java:50)
	at edu.ncsu.csc326.coffeemaker.Main.mainMenu(Main.java:50)
	at edu.ncsu.csc326.coffeemaker.Main.mainMenu(Main.java:50)
	at edu.ncsu.csc326.coffeemaker.Main.mainMenu(Main.java:50)
	at edu.ncsu.csc326.coffeemaker.Main.mainMenu(Main.java:50)
	at edu.ncsu.csc326.coffeemaker.Main.mainMenu(Main.java:50)
	at edu.ncsu.csc326.coffeemaker.Main.mainMenu(Main.java:50)
	at edu.ncsu.csc326.coffeemaker.Main.mainMenu(Main.java:50)
	at edu.ncsu.csc326.coffeemaker.Main.mainMenu(Main.java:50)
	at edu.ncsu.csc326.coffeemaker.Main.mainMenu(Main.java:50)
	at edu.ncsu.csc326.coffeemaker.Main.mainMenu(Main.java:50)
	at edu.ncsu.csc326.coffeemaker.Main.mainMenu(Main.java:50)
	at edu.ncsu.csc326.coffeemaker.Main.mainMenu(Main.java:50)
	at edu.ncsu.csc326.coffeemaker.Main.mainMenu(Main.java:50)
	at edu.ncsu.csc326.coffeemaker.Main.mainMenu(Main.java:50)
	at edu.ncsu.csc326.coffeemaker.Main.mainMenu(Main.java:50)
	at edu.ncsu.csc326.coffeemaker.Main.mainMenu(Main.java:50)
	at edu.ncsu.csc326.coffeemaker.Main.mainMenu(Main.java:50)
	at edu.ncsu.csc326.coffeemaker.Main.mainMenu(Main.java:50)
	at edu.ncsu.csc326.coffeemaker.Main.mainMenu(Main.java:50)
	at edu.ncsu.csc326.coffeemaker.Main.mainMenu(Main.java:50)
	at edu.ncsu.csc326.coffeemaker.Main.mainMenu(Main.java:50)
	at edu.ncsu.csc326.coffeemaker.Main.mainMenu(Main.java:50)
	at edu.ncsu.csc326.coffeemaker.Main.mainMenu(Main.java:50)
	at edu.ncsu.csc326.coffeemaker.Main.mainMenu(Main.java:50)
	at edu.ncsu.csc326.coffeemaker.Main.mainMenu(Main.java:50)
	at edu.ncsu.csc326.coffeemaker.Main.mainMenu(Main.java:50)
	at edu.ncsu.csc326.coffeemaker.Main.mainMenu(Main.java:50)
	at edu.ncsu.csc326.coffeemaker.Main.mainMenu(Main.java:50)
	at edu.ncsu.csc326.coffeemaker.Main.mainMenu(Main.java:50)
	at edu.ncsu.csc326.coffeemaker.Main.mainMenu(Main.java:50)
	at edu.ncsu.csc326.coffeemaker.Main.mainMenu(Main.java:50)
	at edu.ncsu.csc326.coffeemaker.Main.mainMenu(Main.java:50)
	at edu.ncsu.csc326.coffeemaker.Main.mainMenu(Main.java:50)
	at edu.ncsu.csc326.coffeemaker.Main.mainMenu(Main.java:50)
	at edu.ncsu.csc326.coffeemaker.Main.mainMenu(Main.java:50)
	at edu.ncsu.csc326.coffeemaker.Main.mainMenu(Main.java:50)
	at edu.ncsu.csc326.coffeemaker.Main.mainMenu(Main.java:50)
	at edu.ncsu.csc326.coffeemaker.Main.mainMenu(Main.java:50)
	at edu.ncsu.csc326.coffeemaker.Main.mainMenu(Main.java:50)
	at edu.ncsu.csc326.coffeemaker.Main.mainMenu(Main.java:50)
	at edu.ncsu.csc326.coffeemaker.Main.mainMenu(Main.java:50)
	at edu.ncsu.csc326.coffeemaker.Main.mainMenu(Main.java:50)
	at edu.ncsu.csc326.coffeemaker.Main.mainMenu(Main.java:50)
	at edu.ncsu.csc326.coffeemaker.Main.mainMenu(Main.java:50)
	at edu.ncsu.csc326.coffeemaker.Main.mainMenu(Main.java:50)
	at edu.ncsu.csc326.coffeemaker.Main.mainMenu(Main.java:50)
	at edu.ncsu.csc326.coffeemaker.Main.mainMenu(Main.java:50)
	at edu.ncsu.csc326.coffeemaker.Main.mainMenu(Main.java:50)
	at edu.ncsu.csc326.coffeemaker.Main.mainMenu(Main.java:50)
	at edu.ncsu.csc326.coffeemaker.Main.mainMenu(Main.java:50)
	at edu.ncsu.csc326.coffeemaker.Main.mainMenu(Main.java:50)
	at edu.ncsu.csc326.coffeemaker.Main.mainMenu(Main.java:50)
	at edu.ncsu.csc326.coffeemaker.Main.mainMenu(Main.java:50)
	at edu.ncsu.csc326.coffeemaker.Main.mainMenu(Main.java:50)
	at edu.ncsu.csc326.coffeemaker.Main.mainMenu(Main.java:50)
	at edu.ncsu.csc326.coffeemaker.Main.mainMenu(Main.java:50)
	at edu.ncsu.csc326.coffeemaker.Main.mainMenu(Main.java:50)
	at edu.ncsu.csc326.coffeemaker.Main.mainMenu(Main.java:50)
	at edu.ncsu.csc326.coffeemaker.Main.mainMenu(Main.java:50)
	at edu.ncsu.csc326.coffeemaker.Main.mainMenu(Main.java:50)
	at edu.ncsu.csc326.coffeemaker.Main.mainMenu(Main.java:50)
	at edu.ncsu.csc326.coffeemaker.Main.mainMenu(Main.java:50)
	at edu.ncsu.csc326.coffeemaker.Main.mainMenu(Main.java:50)
	at edu.ncsu.csc326.coffeemaker.Main.mainMenu(Main.java:50)
	at edu.ncsu.csc326.coffeemaker.Main.mainMenu(Main.java:50)
	at edu.ncsu.csc326.coffeemaker.Main.mainMenu(Main.java:50)
	at edu.ncsu.csc326.coffeemaker.Main.mainMenu(Main.java:50)
	at edu.ncsu.csc326.coffeemaker.Main.mainMenu(Main.java:50)
	at edu.ncsu.csc326.coffeemaker.Main.mainMenu(Main.java:50)
	at edu.ncsu.csc326.coffeemaker.Main.mainMenu(Main.java:50)
	at edu.ncsu.csc326.coffeemaker.Main.mainMenu(Main.java:50)
	at edu.ncsu.csc326.coffeemaker.Main.mainMenu(Main.java:50)
	at edu.ncsu.csc326.coffeemaker.Main.mainMenu(Main.java:50)
	at edu.ncsu.csc326.coffeemaker.Main.mainMenu(Main.java:50)
	at edu.ncsu.csc326.coffeemaker.Main.mainMenu(Main.java:50)
	at edu.ncsu.csc326.coffeemaker.Main.mainMenu(Main.java:50)
	at edu.ncsu.csc326.coffeemaker.Main.mainMenu(Main.java:50)
	at edu.ncsu.csc326.coffeemaker.Main.mainMenu(Main.java:50)
	at edu.ncsu.csc326.coffeemaker.Main.mainMenu(Main.java:50)
	at edu.ncsu.csc326.coffeemaker.Main.mainMenu(Main.java:50)
	at edu.ncsu.csc326.coffeemaker.Main.mainMenu(Main.java:50)
	at edu.ncsu.csc326.coffeemaker.Main.mainMenu(Main.java:50)
	at edu.ncsu.csc326.coffeemaker.Main.mainMenu(Main.java:50)
	at edu.ncsu.csc326.coffeemaker.Main.mainMenu(Main.java:50)
	at edu.ncsu.csc326.coffeemaker.Main.mainMenu(Main.java:50)
	at edu.ncsu.csc326.coffeemaker.Main.mainMenu(Main.java:50)
	at edu.ncsu.csc326.coffeemaker.Main.mainMenu(Main.java:50)
	at edu.ncsu.csc326.coffeemaker.Main.mainMenu(Main.java:50)
	at edu.ncsu.csc326.coffeemaker.Main.mainMenu(Main.java:50)
	at edu.ncsu.csc326.coffeemaker.Main.mainMenu(Main.java:50)
	at edu.ncsu.csc326.coffeemaker.Main.mainMenu(Main.java:50)
	at edu.ncsu.csc326.coffeemaker.Main.mainMenu(Main.java:50)
	at edu.ncsu.csc326.coffeemaker.Main.mainMenu(Main.java:50)
	at edu.ncsu.csc326.coffeemaker.Main.mainMenu(Main.java:50)
	at edu.ncsu.csc326.coffeemaker.Main.mainMenu(Main.java:50)
	at edu.ncsu.csc326.coffeemaker.Main.mainMenu(Main.java:50)
	at edu.ncsu.csc326.coffeemaker.Main.mainMenu(Main.java:50)
	at edu.ncsu.csc326.coffeemaker.Main.mainMenu(Main.java:50)
	at edu.ncsu.csc326.coffeemaker.Main.mainMenu(Main.java:50)
	at edu.ncsu.csc326.coffeemaker.Main.mainMenu(Main.java:50)
	at edu.ncsu.csc326.coffeemaker.Main.mainMenu(Main.java:50)
	at edu.ncsu.csc326.coffeemaker.Main.mainMenu(Main.java:50)
	at edu.ncsu.csc326.coffeemaker.Main.mainMenu(Main.java:50)
	at edu.ncsu.csc326.coffeemaker.Main.mainMenu(Main.java:50)
	at edu.ncsu.csc326.coffeemaker.Main.mainMenu(Main.java:50)
	at edu.ncsu.csc326.coffeemaker.Main.mainMenu(Main.java:50)
	at edu.ncsu.csc326.coffeemaker.Main.mainMenu(Main.java:50)
	at edu.ncsu.csc326.coffeemaker.Main.mainMenu(Main.java:50)
	at edu.ncsu.csc326.coffeemaker.Main.mainMenu(Main.java:50)
	at edu.ncsu.csc326.coffeemaker.Main.mainMenu(Main.java:50)
	at edu.ncsu.csc326.coffeemaker.Main.mainMenu(Main.java:50)
	at edu.ncsu.csc326.coffeemaker.Main.mainMenu(Main.java:50)
	at edu.ncsu.csc326.coffeemaker.Main.mainMenu(Main.java:50)
	at edu.ncsu.csc326.coffeemaker.Main.mainMenu(Main.java:50)
	at edu.ncsu.csc326.coffeemaker.Main.mainMenu(Main.java:50)
	at edu.ncsu.csc326.coffeemaker.Main.mainMenu(Main.java:50)
	at edu.ncsu.csc326.coffeemaker.Main.mainMenu(Main.java:50)
	at edu.ncsu.csc326.coffeemaker.Main.mainMenu(Main.java:50)
	at edu.ncsu.csc326.coffeemaker.Main.mainMenu(Main.java:50)
	at edu.ncsu.csc326.coffeemaker.Main.mainMenu(Main.java:50)
	at edu.ncsu.csc326.coffeemaker.Main.mainMenu(Main.java:50)
	at edu.ncsu.csc326.coffeemaker.Main.mainMenu(Main.java:50)
	at edu.ncsu.csc326.coffeemaker.Main.mainMenu(Main.java:50)
	at edu.ncsu.csc326.coffeemaker.Main.mainMenu(Main.java:50)
	at edu.ncsu.csc326.coffeemaker.Main.mainMenu(Main.java:50)
	at edu.ncsu.csc326.coffeemaker.Main.mainMenu(Main.java:50)
	at edu.ncsu.csc326.coffeemaker.Main.mainMenu(Main.java:50)
	at edu.ncsu.csc326.coffeemaker.Main.mainMenu(Main.java:50)
	at edu.ncsu.csc326.coffeemaker.Main.mainMenu(Main.java:50)
	at edu.ncsu.csc326.coffeemaker.Main.mainMenu(Main.java:50)
	at edu.ncsu.csc326.coffeemaker.Main.mainMenu(Main.java:50)
	at edu.ncsu.csc326.coffeemaker.Main.mainMenu(Main.java:50)
	at edu.ncsu.csc326.coffeemaker.Main.mainMenu(Main.java:50)
	at edu.ncsu.csc326.coffeemaker.Main.mainMenu(Main.java:50)
	at edu.ncsu.csc326.coffeemaker.Main.mainMenu(Main.java:50)
	at edu.ncsu.csc326.coffeemaker.Main.mainMenu(Main.java:50)
	at edu.ncsu.csc326.coffeemaker.Main.mainMenu(Main.java:50)
	at edu.ncsu.csc326.coffeemaker.Main.mainMenu(Main.java:50)
	at edu.ncsu.csc326.coffeemaker.Main.mainMenu(Main.java:50)
	at edu.ncsu.csc326.coffeemaker.Main.mainMenu(Main.java:50)
	at edu.ncsu.csc326.coffeemaker.Main.mainMenu(Main.java:50)
	at edu.ncsu.csc326.coffeemaker.Main.mainMenu(Main.java:50)
	at edu.ncsu.csc326.coffeemaker.Main.mainMenu(Main.java:50)
	at edu.ncsu.csc326.coffeemaker.Main.mainMenu(Main.java:50)
	at edu.ncsu.csc326.coffeemaker.Main.mainMenu(Main.java:50)
	at edu.ncsu.csc326.coffeemaker.Main.mainMenu(Main.java:50)
	at edu.ncsu.csc326.coffeemaker.Main.mainMenu(Main.java:50)
	at edu.ncsu.csc326.coffeemaker.Main.mainMenu(Main.java:50)
	at edu.ncsu.csc326.coffeemaker.Main.mainMenu(Main.java:50)
	at edu.ncsu.csc326.coffeemaker.Main.mainMenu(Main.java:50)
	at edu.ncsu.csc326.coffeemaker.Main.mainMenu(Main.java:50)
	at edu.ncsu.csc326.coffeemaker.Main.mainMenu(Main.java:50)
	at edu.ncsu.csc326.coffeemaker.Main.mainMenu(Main.java:50)
	at edu.ncsu.csc326.coffeemaker.Main.mainMenu(Main.java:50)
	at edu.ncsu.csc326.coffeemaker.Main.mainMenu(Main.java:50)
	at edu.ncsu.csc326.coffeemaker.Main.mainMenu(Main.java:50)
	at edu.ncsu.csc326.coffeemaker.Main.mainMenu(Main.java:50)
	at edu.ncsu.csc326.coffeemaker.Main.mainMenu(Main.java:50)
	at edu.ncsu.csc326.coffeemaker.Main.mainMenu(Main.java:50)
	at edu.ncsu.csc326.coffeemaker.Main.mainMenu(Main.java:50)
	at edu.ncsu.csc326.coffeemaker.Main.mainMenu(Main.java:50)
	at edu.ncsu.csc326.coffeemaker.Main.mainMenu(Main.java:50)
	at edu.ncsu.csc326.coffeemaker.Main.mainMenu(Main.java:50)
	at edu.ncsu.csc326.coffeemaker.Main.mainMenu(Main.java:50)
	at edu.ncsu.csc326.coffeemaker.Main.mainMenu(Main.java:50)
	at edu.ncsu.csc326.coffeemaker.Main.mainMenu(Main.java:50)
	at edu.ncsu.csc326.coffeemaker.Main.mainMenu(Main.java:50)
	at edu.ncsu.csc326.coffeemaker.Main.mainMenu(Main.java:50)
	at edu.ncsu.csc326.coffeemaker.Main.mainMenu(Main.java:50)
	at edu.ncsu.csc326.coffeemaker.Main.mainMenu(Main.java:50)
	at edu.ncsu.csc326.coffeemaker.Main.mainMenu(Main.java:50)
	at edu.ncsu.csc326.coffeemaker.Main.mainMenu(Main.java:50)
	at edu.ncsu.csc326.coffeemaker.Main.mainMenu(Main.java:50)
	at edu.ncsu.csc326.coffeemaker.Main.mainMenu(Main.java:50)
	at edu.ncsu.csc326.coffeemaker.Main.mainMenu(Main.java:50)
[...]
	at edu.ncsu.csc326.coffeemaker.Main.mainMenu(Main.java:50)
	at edu.ncsu.csc326.coffeemaker.Main.mainMenu(Main.java:50)
	at edu.ncsu.csc326.coffeemaker.Main.mainMenu(Main.java:50)
	at edu.ncsu.csc326.coffeemaker.Main.mainMenu(Main.java:50)
	at edu.ncsu.csc326.coffeemaker.Main.mainMenu(Main.java:50)
	at edu.ncsu.csc326.coffeemaker.Main.mainMenu(Main.java:50)
	at edu.ncsu.csc326.coffeemaker.Main.mainMenu(Main.java:50)
	at edu.ncsu.csc326.coffeemaker.Main.mainMenu(Main.java:50)
	at edu.ncsu.csc326.coffeemaker.Main.mainMenu(Main.java:50)
	at edu.ncsu.csc326.coffeemaker.Main.mainMenu(Main.java:50)
	at edu.ncsu.csc326.coffeemaker.Main.mainMenu(Main.java:50)
	at edu.ncsu.csc326.coffeemaker.Main.mainMenu(Main.java:50)
	at edu.ncsu.csc326.coffeemaker.Main.mainMenu(Main.java:50)
	at edu.ncsu.csc326.coffeemaker.Main.mainMenu(Main.java:50)
	at edu.ncsu.csc326.coffeemaker.Main.mainMenu(Main.java:50)
	at edu.ncsu.csc326.coffeemaker.Main.mainMenu(Main.java:50)
	at edu.ncsu.csc326.coffeemaker.Main.mainMenu(Main.java:50)
	at edu.ncsu.csc326.coffeemaker.Main.mainMenu(Main.java:50)
	at edu.ncsu.csc326.coffeemaker.Main.mainMenu(Main.java:50)
	at edu.ncsu.csc326.coffeemaker.Main.mainMenu(Main.java:50)
	at edu.ncsu.csc326.coffeemaker.Main.mainMenu(Main.java:50)
	at edu.ncsu.csc326.coffeemaker.Main.mainMenu(Main.java:50)
	at edu.ncsu.csc326.coffeemaker.Main.mainMenu(Main.java:50)
	at edu.ncsu.csc326.coffeemaker.Main.mainMenu(Main.java:50)
	at edu.ncsu.csc326.coffeemaker.Main.mainMenu(Main.java:50)
	at edu.ncsu.csc326.coffeemaker.Main.mainMenu(Main.java:50)
	at edu.ncsu.csc326.coffeemaker.Main.mainMenu(Main.java:50)
	at edu.ncsu.csc326.coffeemaker.Main.mainMenu(Main.java:50)
	at edu.ncsu.csc326.coffeemaker.Main.mainMenu(Main.java:50)
	at edu.ncsu.csc326.coffeemaker.Main.mainMenu(Main.java:50)
	at edu.ncsu.csc326.coffeemaker.Main.mainMenu(Main.java:50)
	at edu.ncsu.csc326.coffeemaker.Main.mainMenu(Main.java:50)
	at edu.ncsu.csc326.coffeemaker.Main.mainMenu(Main.java:50)
	at edu.ncsu.csc326.coffeemaker.Main.mainMenu(Main.java:50)
	at edu.ncsu.csc326.coffeemaker.Main.mainMenu(Main.java:50)
	at edu.ncsu.csc326.coffeemaker.Main.mainMenu(Main.java:50)
	at edu.ncsu.csc326.coffeemaker.Main.mainMenu(Main.java:50)
	at edu.ncsu.csc326.coffeemaker.Main.mainMenu(Main.java:50)
	at edu.ncsu.csc326.coffeemaker.Main.mainMenu(Main.java:50)
	at edu.ncsu.csc326.coffeemaker.Main.mainMenu(Main.java:50)
	at edu.ncsu.csc326.coffeemaker.Main.mainMenu(Main.java:50)
	at edu.ncsu.csc326.coffeemaker.Main.mainMenu(Main.java:50)
	at edu.ncsu.csc326.coffeemaker.Main.mainMenu(Main.java:50)
	at edu.ncsu.csc326.coffeemaker.Main.mainMenu(Main.java:50)
	at edu.ncsu.csc326.coffeemaker.Main.mainMenu(Main.java:50)
	at edu.ncsu.csc326.coffeemaker.Main.mainMenu(Main.java:50)
	at edu.ncsu.csc326.coffeemaker.Main.mainMenu(Main.java:50)
	at edu.ncsu.csc326.coffeemaker.Main.mainMenu(Main.java:50)
	at edu.ncsu.csc326.coffeemaker.Main.mainMenu(Main.java:50)
	at edu.ncsu.csc326.coffeemaker.Main.mainMenu(Main.java:50)
	at edu.ncsu.csc326.coffeemaker.Main.mainMenu(Main.java:50)
	at edu.ncsu.csc326.coffeemaker.Main.mainMenu(Main.java:50)
	at edu.ncsu.csc326.coffeemaker.Main.mainMenu(Main.java:50)
	at edu.ncsu.csc326.coffeemaker.Main.mainMenu(Main.java:50)
	at edu.ncsu.csc326.coffeemaker.Main.mainMenu(Main.java:50)
	at edu.ncsu.csc326.coffeemaker.Main.mainMenu(Main.java:50)
	at edu.ncsu.csc326.coffeemaker.Main.mainMenu(Main.java:50)
	at edu.ncsu.csc326.coffeemaker.Main.mainMenu(Main.java:50)
	at edu.ncsu.csc326.coffeemaker.Main.mainMenu(Main.java:50)
	at edu.ncsu.csc326.coffeemaker.Main.mainMenu(Main.java:50)
	at edu.ncsu.csc326.coffeemaker.Main.mainMenu(Main.java:50)
	at edu.ncsu.csc326.coffeemaker.Main.mainMenu(Main.java:50)
	at edu.ncsu.csc326.coffeemaker.Main.mainMenu(Main.java:50)
	at edu.ncsu.csc326.coffeemaker.Main.mainMenu(Main.java:50)
	at edu.ncsu.csc326.coffeemaker.Main.mainMenu(Main.java:50)
	at edu.ncsu.csc326.coffeemaker.Main.mainMenu(Main.java:50)
	at edu.ncsu.csc326.coffeemaker.Main.mainMenu(Main.java:50)
	at edu.ncsu.csc326.coffeemaker.Main.mainMenu(Main.java:50)
	at edu.ncsu.csc326.coffeemaker.Main.mainMenu(Main.java:50)
	at edu.ncsu.csc326.coffeemaker.Main.mainMenu(Main.java:50)
	at edu.ncsu.csc326.coffeemaker.Main.mainMenu(Main.java:50)
	at edu.ncsu.csc326.coffeemaker.Main.mainMenu(Main.java:50)
	at edu.ncsu.csc326.coffeemaker.Main.mainMenu(Main.java:50)
	at edu.ncsu.csc326.coffeemaker.Main.mainMenu(Main.java:50)
	at edu.ncsu.csc326.coffeemaker.Main.mainMenu(Main.java:50)
	at edu.ncsu.csc326.coffeemaker.Main.mainMenu(Main.java:50)
	at edu.ncsu.csc326.coffeemaker.Main.mainMenu(Main.java:50)
	at edu.ncsu.csc326.coffeemaker.Main.mainMenu(Main.java:50)
	at edu.ncsu.csc326.coffeemaker.Main.mainMenu(Main.java:50)
	at edu.ncsu.csc326.coffeemaker.Main.mainMenu(Main.java:50)
	at edu.ncsu.csc326.coffeemaker.Main.mainMenu(Main.java:50)
	at edu.ncsu.csc326.coffeemaker.Main.mainMenu(Main.java:50)
	at edu.ncsu.csc326.coffeemaker.Main.mainMenu(Main.java:50)
	at edu.ncsu.csc326.coffeemaker.Main.mainMenu(Main.java:50)
	at edu.ncsu.csc326.coffeemaker.Main.mainMenu(Main.java:50)
	at edu.ncsu.csc326.coffeemaker.Main.mainMenu(Main.java:50)
	at edu.ncsu.csc326.coffeemaker.Main.mainMenu(Main.java:50)
	at edu.ncsu.csc326.coffeemaker.Main.mainMenu(Main.java:50)
	at edu.ncsu.csc326.coffeemaker.Main.mainMenu(Main.java:50)
	at edu.ncsu.csc326.coffeemaker.Main.mainMenu(Main.java:50)
	at edu.ncsu.csc326.coffeemaker.Main.mainMenu(Main.java:50)
	at edu.ncsu.csc326.coffeemaker.Main.mainMenu(Main.java:50)
	at edu.ncsu.csc326.coffeemaker.Main.mainMenu(Main.java:50)
	at edu.ncsu.csc326.coffeemaker.Main.mainMenu(Main.java:50)
	at edu.ncsu.csc326.coffeemaker.Main.mainMenu(Main.java:50)
	at edu.ncsu.csc326.coffeemaker.Main.mainMenu(Main.java:50)
	at edu.ncsu.csc326.coffeemaker.Main.mainMenu(Main.java:50)
	at edu.ncsu.csc326.coffeemaker.Main.mainMenu(Main.java:50)
	at edu.ncsu.csc326.coffeemaker.Main.mainMenu(Main.java:50)
	at edu.ncsu.csc326.coffeemaker.Main.mainMenu(Main.java:50)
	at edu.ncsu.csc326.coffeemaker.Main.mainMenu(Main.java:50)
	at edu.ncsu.csc326.coffeemaker.Main.mainMenu(Main.java:50)
	at edu.ncsu.csc326.coffeemaker.Main.mainMenu(Main.java:50)
	at edu.ncsu.csc326.coffeemaker.Main.mainMenu(Main.java:50)
	at edu.ncsu.csc326.coffeemaker.Main.mainMenu(Main.java:50)
	at edu.ncsu.csc326.coffeemaker.Main.mainMenu(Main.java:50)
	at edu.ncsu.csc326.coffeemaker.Main.mainMenu(Main.java:50)
	at edu.ncsu.csc326.coffeemaker.Main.mainMenu(Main.java:50)
	at edu.ncsu.csc326.coffeemaker.Main.mainMenu(Main.java:50)
	at edu.ncsu.csc326.coffeemaker.Main.mainMenu(Main.java:50)
	at edu.ncsu.csc326.coffeemaker.Main.mainMenu(Main.java:50)
	at edu.ncsu.csc326.coffeemaker.Main.mainMenu(Main.java:50)
	at edu.ncsu.csc326.coffeemaker.Main.mainMenu(Main.java:50)
	at edu.ncsu.csc326.coffeemaker.Main.mainMenu(Main.java:50)
	at edu.ncsu.csc326.coffeemaker.Main.mainMenu(Main.java:50)
	at edu.ncsu.csc326.coffeemaker.Main.mainMenu(Main.java:50)
	at edu.ncsu.csc326.coffeemaker.Main.mainMenu(Main.java:50)
	at edu.ncsu.csc326.coffeemaker.Main.mainMenu(Main.java:50)
	at edu.ncsu.csc326.coffeemaker.Main.mainMenu(Main.java:50)
	at edu.ncsu.csc326.coffeemaker.Main.mainMenu(Main.java:50)
	at edu.ncsu.csc326.coffeemaker.Main.mainMenu(Main.java:50)
	at edu.ncsu.csc326.coffeemaker.Main.mainMenu(Main.java:50)
	at edu.ncsu.csc326.coffeemaker.Main.mainMenu(Main.java:50)
	at edu.ncsu.csc326.coffeemaker.Main.mainMenu(Main.java:50)
	at edu.ncsu.csc326.coffeemaker.Main.mainMenu(Main.java:50)
	at edu.ncsu.csc326.coffeemaker.Main.mainMenu(Main.java:50)
	at edu.ncsu.csc326.coffeemaker.Main.mainMenu(Main.java:50)
	at edu.ncsu.csc326.coffeemaker.Main.mainMenu(Main.java:50)
	at edu.ncsu.csc326.coffeemaker.Main.mainMenu(Main.java:50)
	at edu.ncsu.csc326.coffeemaker.Main.mainMenu(Main.java:50)
	at edu.ncsu.csc326.coffeemaker.Main.mainMenu(Main.java:50)
	at edu.ncsu.csc326.coffeemaker.Main.mainMenu(Main.java:50)
	at edu.ncsu.csc326.coffeemaker.Main.mainMenu(Main.java:50)
	at edu.ncsu.csc326.coffeemaker.Main.mainMenu(Main.java:50)
	at edu.ncsu.csc326.coffeemaker.Main.mainMenu(Main.java:50)
	at edu.ncsu.csc326.coffeemaker.Main.mainMenu(Main.java:50)
	at edu.ncsu.csc326.coffeemaker.Main.mainMenu(Main.java:50)
	at edu.ncsu.csc326.coffeemaker.Main.mainMenu(Main.java:50)
	at edu.ncsu.csc326.coffeemaker.Main.mainMenu(Main.java:50)
	at edu.ncsu.csc326.coffeemaker.Main.mainMenu(Main.java:50)
	at edu.ncsu.csc326.coffeemaker.Main.mainMenu(Main.java:50)
	at edu.ncsu.csc326.coffeemaker.Main.mainMenu(Main.java:50)
	at edu.ncsu.csc326.coffeemaker.Main.mainMenu(Main.java:50)
	at edu.ncsu.csc326.coffeemaker.Main.mainMenu(Main.java:50)
	at edu.ncsu.csc326.coffeemaker.Main.mainMenu(Main.java:50)
	at edu.ncsu.csc326.coffeemaker.Main.mainMenu(Main.java:50)
	at edu.ncsu.csc326.coffeemaker.Main.mainMenu(Main.java:50)
	at edu.ncsu.csc326.coffeemaker.Main.mainMenu(Main.java:50)
	at edu.ncsu.csc326.coffeemaker.Main.mainMenu(Main.java:50)
	at edu.ncsu.csc326.coffeemaker.Main.mainMenu(Main.java:50)
	at edu.ncsu.csc326.coffeemaker.Main.mainMenu(Main.java:50)
	at edu.ncsu.csc326.coffeemaker.Main.mainMenu(Main.java:50)
	at edu.ncsu.csc326.coffeemaker.Main.mainMenu(Main.java:50)
	at edu.ncsu.csc326.coffeemaker.Main.mainMenu(Main.java:50)
	at edu.ncsu.csc326.coffeemaker.Main.mainMenu(Main.java:50)
	at edu.ncsu.csc326.coffeemaker.Main.mainMenu(Main.java:50)
	at edu.ncsu.csc326.coffeemaker.Main.mainMenu(Main.java:50)
	at edu.ncsu.csc326.coffeemaker.Main.mainMenu(Main.java:50)
	at edu.ncsu.csc326.coffeemaker.Main.mainMenu(Main.java:50)
	at edu.ncsu.csc326.coffeemaker.Main.mainMenu(Main.java:50)
	at edu.ncsu.csc326.coffeemaker.Main.mainMenu(Main.java:50)
	at edu.ncsu.csc326.coffeemaker.Main.mainMenu(Main.java:50)
	at edu.ncsu.csc326.coffeemaker.Main.mainMenu(Main.java:50)
	at edu.ncsu.csc326.coffeemaker.Main.mainMenu(Main.java:50)
	at edu.ncsu.csc326.coffeemaker.Main.mainMenu(Main.java:50)
	at edu.ncsu.csc326.coffeemaker.Main.mainMenu(Main.java:50)
	at edu.ncsu.csc326.coffeemaker.Main.mainMenu(Main.java:50)
	at edu.ncsu.csc326.coffeemaker.Main.mainMenu(Main.java:50)
	at edu.ncsu.csc326.coffeemaker.Main.mainMenu(Main.java:50)
	at edu.ncsu.csc326.coffeemaker.Main.mainMenu(Main.java:50)
	at edu.ncsu.csc326.coffeemaker.Main.mainMenu(Main.java:50)
	at edu.ncsu.csc326.coffeemaker.Main.mainMenu(Main.java:50)
	at edu.ncsu.csc326.coffeemaker.Main.mainMenu(Main.java:50)
	at edu.ncsu.csc326.coffeemaker.Main.mainMenu(Main.java:50)
	at edu.ncsu.csc326.coffeemaker.Main.mainMenu(Main.java:50)
	at edu.ncsu.csc326.coffeemaker.Main.mainMenu(Main.java:50)
	at edu.ncsu.csc326.coffeemaker.Main.mainMenu(Main.java:50)
	at edu.ncsu.csc326.coffeemaker.Main.mainMenu(Main.java:50)
	at edu.ncsu.csc326.coffeemaker.Main.mainMenu(Main.java:50)
	at edu.ncsu.csc326.coffeemaker.Main.mainMenu(Main.java:50)
	at edu.ncsu.csc326.coffeemaker.Main.mainMenu(Main.java:50)
	at edu.ncsu.csc326.coffeemaker.Main.mainMenu(Main.java:50)
	at edu.ncsu.csc326.coffeemaker.Main.mainMenu(Main.java:50)
	at edu.ncsu.csc326.coffeemaker.Main.mainMenu(Main.java:50)
	at edu.ncsu.csc326.coffeemaker.Main.mainMenu(Main.java:50)
	at edu.ncsu.csc326.coffeemaker.Main.mainMenu(Main.java:50)
	at edu.ncsu.csc326.coffeemaker.Main.mainMenu(Main.java:50)
	at edu.ncsu.csc326.coffeemaker.Main.mainMenu(Main.java:50)
	at edu.ncsu.csc326.coffeemaker.Main.mainMenu(Main.java:50)
	at edu.ncsu.csc326.coffeemaker.Main.mainMenu(Main.java:50)
	at edu.ncsu.csc326.coffeemaker.Main.mainMenu(Main.java:50)
	at edu.ncsu.csc326.coffeemaker.Main.mainMenu(Main.java:50)
	at edu.ncsu.csc326.coffeemaker.Main.mainMenu(Main.java:50)
	at edu.ncsu.csc326.coffeemaker.Main.mainMenu(Main.java:50)
	at edu.ncsu.csc326.coffeemaker.Main.mainMenu(Main.java:50)
	at edu.ncsu.csc326.coffeemaker.Main.mainMenu(Main.java:50)
	at edu.ncsu.csc326.coffeemaker.Main.mainMenu(Main.java:50)
	at edu.ncsu.csc326.coffeemaker.Main.mainMenu(Main.java:50)
	at edu.ncsu.csc326.coffeemaker.Main.mainMenu(Main.java:50)
	at edu.ncsu.csc326.coffeemaker.Main.mainMenu(Main.java:50)
	at edu.ncsu.csc326.coffeemaker.Main.mainMenu(Main.java:50)
	at edu.ncsu.csc326.coffeemaker.Main.mainMenu(Main.java:50)
	at edu.ncsu.csc326.coffeemaker.Main.mainMenu(Main.java:50)
	at edu.ncsu.csc326.coffeemaker.Main.mainMenu(Main.java:50)
	at edu.ncsu.csc326.coffeemaker.Main.mainMenu(Main.java:50)
	at edu.ncsu.csc326.coffeemaker.Main.mainMenu(Main.java:50)
	at edu.ncsu.csc326.coffeemaker.Main.mainMenu(Main.java:50)
	at edu.ncsu.csc326.coffeemaker.Main.mainMenu(Main.java:50)
	at edu.ncsu.csc326.coffeemaker.Main.mainMenu(Main.java:50)
	at edu.ncsu.csc326.coffeemaker.Main.mainMenu(Main.java:50)
	at edu.ncsu.csc326.coffeemaker.Main.mainMenu(Main.java:50)
	at edu.ncsu.csc326.coffeemaker.Main.mainMenu(Main.java:50)
	at edu.ncsu.csc326.coffeemaker.Main.mainMenu(Main.java:50)
	at edu.ncsu.csc326.coffeemaker.Main.mainMenu(Main.java:50)
	at edu.ncsu.csc326.coffeemaker.Main.mainMenu(Main.java:50)
	at edu.ncsu.csc326.coffeemaker.Main.mainMenu(Main.java:50)
	at edu.ncsu.csc326.coffeemaker.Main.mainMenu(Main.java:50)
	at edu.ncsu.csc326.coffeemaker.Main.mainMenu(Main.java:50)
	at edu.ncsu.csc326.coffeemaker.Main.mainMenu(Main.java:50)
	at edu.ncsu.csc326.coffeemaker.Main.mainMenu(Main.java:50)
	at edu.ncsu.csc326.coffeemaker.Main.mainMenu(Main.java:50)
	at edu.ncsu.csc326.coffeemaker.Main.mainMenu(Main.java:50)
	at edu.ncsu.csc326.coffeemaker.Main.mainMenu(Main.java:50)
	at edu.ncsu.csc326.coffeemaker.Main.mainMenu(Main.java:50)
	at edu.ncsu.csc326.coffeemaker.Main.mainMenu(Main.java:50)
	at edu.ncsu.csc326.coffeemaker.Main.mainMenu(Main.java:50)
	at edu.ncsu.csc326.coffeemaker.Main.mainMenu(Main.java:50)
	at edu.ncsu.csc326.coffeemaker.Main.mainMenu(Main.java:50)
	at edu.ncsu.csc326.coffeemaker.Main.mainMenu(Main.java:50)
	at edu.ncsu.csc326.coffeemaker.Main.mainMenu(Main.java:50)
	at edu.ncsu.csc326.coffeemaker.Main.mainMenu(Main.java:50)
	at edu.ncsu.csc326.coffeemaker.Main.mainMenu(Main.java:50)
	at edu.ncsu.csc326.coffeemaker.Main.mainMenu(Main.java:50)
	at edu.ncsu.csc326.coffeemaker.Main.mainMenu(Main.java:50)
	at edu.ncsu.csc326.coffeemaker.Main.mainMenu(Main.java:50)
	at edu.ncsu.csc326.coffeemaker.Main.mainMenu(Main.java:50)
	at edu.ncsu.csc326.coffeemaker.Main.mainMenu(Main.java:50)
	at edu.ncsu.csc326.coffeemaker.Main.mainMenu(Main.java:50)
	at edu.ncsu.csc326.coffeemaker.Main.mainMenu(Main.java:50)
	at edu.ncsu.csc326.coffeemaker.Main.mainMenu(Main.java:50)
	at edu.ncsu.csc326.coffeemaker.Main.mainMenu(Main.java:50)
	at edu.ncsu.csc326.coffeemaker.Main.mainMenu(Main.java:50)
	at edu.ncsu.csc326.coffeemaker.Main.mainMenu(Main.java:50)
	at edu.ncsu.csc326.coffeemaker.Main.mainMenu(Main.java:50)
	at edu.ncsu.csc326.coffeemaker.Main.mainMenu(Main.java:50)
	at edu.ncsu.csc326.coffeemaker.Main.mainMenu(Main.java:50)
	at edu.ncsu.csc326.coffeemaker.Main.mainMenu(Main.java:50)
	at edu.ncsu.csc326.coffeemaker.Main.mainMenu(Main.java:50)
	at edu.ncsu.csc326.coffeemaker.Main.mainMenu(Main.java:50)
	at edu.ncsu.csc326.coffeemaker.Main.mainMenu(Main.java:50)
	at edu.ncsu.csc326.coffeemaker.Main.mainMenu(Main.java:50)
	at edu.ncsu.csc326.coffeemaker.Main.mainMenu(Main.java:50)
	at edu.ncsu.csc326.coffeemaker.Main.mainMenu(Main.java:50)
	at edu.ncsu.csc326.coffeemaker.Main.mainMenu(Main.java:50)
	at edu.ncsu.csc326.coffeemaker.Main.mainMenu(Main.java:50)
	at edu.ncsu.csc326.coffeemaker.Main.mainMenu(Main.java:50)
	at edu.ncsu.csc326.coffeemaker.Main.mainMenu(Main.java:50)
	at edu.ncsu.csc326.coffeemaker.Main.mainMenu(Main.java:50)
	at edu.ncsu.csc326.coffeemaker.Main.mainMenu(Main.java:50)
	at edu.ncsu.csc326.coffeemaker.Main.mainMenu(Main.java:50)
	at edu.ncsu.csc326.coffeemaker.Main.mainMenu(Main.java:50)
	at edu.ncsu.csc326.coffeemaker.Main.mainMenu(Main.java:50)
	at edu.ncsu.csc326.coffeemaker.Main.mainMenu(Main.java:50)
	at edu.ncsu.csc326.coffeemaker.Main.mainMenu(Main.java:50)
	at edu.ncsu.csc326.coffeemaker.Main.mainMenu(Main.java:50)
	at edu.ncsu.csc326.coffeemaker.Main.mainMenu(Main.java:50)
	at edu.ncsu.csc326.coffeemaker.Main.mainMenu(Main.java:50)
	at edu.ncsu.csc326.coffeemaker.Main.mainMenu(Main.java:50)
	at edu.ncsu.csc326.coffeemaker.Main.mainMenu(Main.java:50)
	at edu.ncsu.csc326.coffeemaker.Main.mainMenu(Main.java:50)
	at edu.ncsu.csc326.coffeemaker.Main.mainMenu(Main.java:50)
	at edu.ncsu.csc326.coffeemaker.Main.mainMenu(Main.java:50)
	at edu.ncsu.csc326.coffeemaker.Main.mainMenu(Main.java:50)
	at edu.ncsu.csc326.coffeemaker.Main.mainMenu(Main.java:50)
	at edu.ncsu.csc326.coffeemaker.Main.mainMenu(Main.java:50)
	at edu.ncsu.csc326.coffeemaker.Main.mainMenu(Main.java:50)
	at edu.ncsu.csc326.coffeemaker.Main.mainMenu(Main.java:50)
	at edu.ncsu.csc326.coffeemaker.Main.mainMenu(Main.java:50)
	at edu.ncsu.csc326.coffeemaker.Main.mainMenu(Main.java:50)
	at edu.ncsu.csc326.coffeemaker.Main.mainMenu(Main.java:50)
	at edu.ncsu.csc326.coffeemaker.Main.mainMenu(Main.java:50)
	at edu.ncsu.csc326.coffeemaker.Main.mainMenu(Main.java:50)
	at edu.ncsu.csc326.coffeemaker.Main.mainMenu(Main.java:50)
	at edu.ncsu.csc326.coffeemaker.Main.mainMenu(Main.java:50)
	at edu.ncsu.csc326.coffeemaker.Main.mainMenu(Main.java:50)
	at edu.ncsu.csc326.coffeemaker.Main.mainMenu(Main.java:50)
	at edu.ncsu.csc326.coffeemaker.Main.mainMenu(Main.java:50)
	at edu.ncsu.csc326.coffeemaker.Main.mainMenu(Main.java:50)
	at edu.ncsu.csc326.coffeemaker.Main.mainMenu(Main.java:50)
	at edu.ncsu.csc326.coffeemaker.Main.mainMenu(Main.java:50)
	at edu.ncsu.csc326.coffeemaker.Main.mainMenu(Main.java:50)
	at edu.ncsu.csc326.coffeemaker.Main.mainMenu(Main.java:50)
	at edu.ncsu.csc326.coffeemaker.Main.mainMenu(Main.java:50)
	at edu.ncsu.csc326.coffeemaker.Main.mainMenu(Main.java:50)
	at edu.ncsu.csc326.coffeemaker.Main.mainMenu(Main.java:50)
	at edu.ncsu.csc326.coffeemaker.Main.mainMenu(Main.java:50)
	at edu.ncsu.csc326.coffeemaker.Main.mainMenu(Main.java:50)
	at edu.ncsu.csc326.coffeemaker.Main.mainMenu(Main.java:50)
	at edu.ncsu.csc326.coffeemaker.Main.mainMenu(Main.java:50)
	at edu.ncsu.csc326.coffeemaker.Main.mainMenu(Main.java:50)
	at edu.ncsu.csc326.coffeemaker.Main.mainMenu(Main.java:50)
	at edu.ncsu.csc326.coffeemaker.Main.mainMenu(Main.java:50)
	at edu.ncsu.csc326.coffeemaker.Main.mainMenu(Main.java:50)
	at edu.ncsu.csc326.coffeemaker.Main.mainMenu(Main.java:50)
	at edu.ncsu.csc326.coffeemaker.Main.mainMenu(Main.java:50)
	at edu.ncsu.csc326.coffeemaker.Main.mainMenu(Main.java:50)
	at edu.ncsu.csc326.coffeemaker.Main.mainMenu(Main.java:50)
	at edu.ncsu.csc326.coffeemaker.Main.mainMenu(Main.java:50)
	at edu.ncsu.csc326.coffeemaker.Main.mainMenu(Main.java:50)
	at edu.ncsu.csc326.coffeemaker.Main.mainMenu(Main.java:50)
	at edu.ncsu.csc326.coffeemaker.Main.mainMenu(Main.java:50)
	at edu.ncsu.csc326.coffeemaker.Main.mainMenu(Main.java:50)
	at edu.ncsu.csc326.coffeemaker.Main.mainMenu(Main.java:50)
	at edu.ncsu.csc326.coffeemaker.Main.mainMenu(Main.java:50)
	at edu.ncsu.csc326.coffeemaker.Main.mainMenu(Main.java:50)
	at edu.ncsu.csc326.coffeemaker.Main.mainMenu(Main.java:50)
	at edu.ncsu.csc326.coffeemaker.Main.mainMenu(Main.java:50)
	at edu.ncsu.csc326.coffeemaker.Main.mainMenu(Main.java:50)
	at edu.ncsu.csc326.coffeemaker.Main.mainMenu(Main.java:50)
	at edu.ncsu.csc326.coffeemaker.Main.mainMenu(Main.java:50)
	at edu.ncsu.csc326.coffeemaker.Main.mainMenu(Main.java:50)
	at edu.ncsu.csc326.coffeemaker.Main.mainMenu(Main.java:50)
	at edu.ncsu.csc326.coffeemaker.Main.mainMenu(Main.java:50)
	at edu.ncsu.csc326.coffeemaker.Main.mainMenu(Main.java:50)
	at edu.ncsu.csc326.coffeemaker.Main.mainMenu(Main.java:50)
	at edu.ncsu.csc326.coffeemaker.Main.mainMenu(Main.java:50)
	at edu.ncsu.csc326.coffeemaker.Main.mainMenu(Main.java:50)
	at edu.ncsu.csc326.coffeemaker.Main.mainMenu(Main.java:50)
	at edu.ncsu.csc326.coffeemaker.Main.mainMenu(Main.java:50)
	at edu.ncsu.csc326.coffeemaker.Main.mainMenu(Main.java:50)
	at edu.ncsu.csc326.coffeemaker.Main.mainMenu(Main.java:50)
</failure>
  </testcase>
  <system-out><![CDATA[]]></system-out>
  <system-err><![CDATA[]]></system-err>
</testsuite>
